This file contains any messages produced by compilers while
running configure, to aid debugging if configure makes a mistake.

It was created by PrBoom-Plus configure 2.5.1.4, which was
generated by GNU Autoconf 2.65.  Invocation command line was

  $ ./configure CC=arm-linux-androideabi-gcc --prefix=/sdcard/doom --host=arm-linux --disable-gl --disable-nls CPPFLAGS=-I/platforms/android-14/arch-arm/usr/include

## --------- ##
## Platform. ##
## --------- ##

hostname = Jackies-MacBook-Pro.local
uname -m = x86_64
uname -r = 12.4.0
uname -s = Darwin
uname -v = Darwin Kernel Version 12.4.0: Wed May  1 17:57:12 PDT 2013; root:xnu-2050.24.15~1/RELEASE_X86_64

/usr/bin/uname -p = i386
/bin/uname -X     = unknown

/bin/arch              = unknown
/usr/bin/arch -k       = unknown
/usr/convex/getsysinfo = unknown
/usr/bin/hostinfo      = Mach kernel version:
	 Darwin Kernel Version 12.4.0: Wed May  1 17:57:12 PDT 2013; root:xnu-2050.24.15~1/RELEASE_X86_64
Kernel configured for up to 8 processors.
4 processors are physically available.
8 processors are logically available.
Processor type: i486 (Intel 80486)
Processors active: 0 1 2 3 4 5 6 7
Primary memory available: 16.00 gigabytes
Default processor set: 181 tasks, 1219 threads, 8 processors
Load average: 3.22, Mach factor: 4.77
/bin/machine           = unknown
/usr/bin/oslevel       = unknown
/bin/universe          = unknown

PATH: /Users/jackiegleason/toolchain/bin
PATH: /Users/jackiegleason/bin
PATH: /usr/bin
PATH: /bin
PATH: /usr/sbin
PATH: /sbin
PATH: /usr/local/bin
PATH: /Applications/Xcode.app/Contents/Developer/usr/bin
PATH: /opt/X11/bin
PATH: /usr/local/git/bin
PATH: /Users/jackiegleason/Development/Android/ADT/sdk/platform-tools
PATH: /Users/jackiegleason/Development/Android/ADT/sdk/tools
PATH: /home/jackie/Development/Google/GSUtil/gsutil
PATH: /Users/jackiegleason/Development/Android/android-ndk-r8c
PATH: /home/jackie/Development/Grails/grails-2.0.0/bin
PATH: /home/jackie/Development/Gradle/gradle-1.0-milestone-7/bin
PATH: /home/jackie/Development/Groovy/groovy-1.8.1/bin
PATH: /Users/jackiegleason/Development/Android/android-ndk-r8c/prebuilt/darwin-x86/bin
PATH: /home/jackie/Development/Maven/maven/bin


## ----------- ##
## Core tests. ##
## ----------- ##

configure:2326: checking build system type
configure:2340: result: i386-apple-darwin12.4.0
configure:2360: checking host system type
configure:2373: result: arm-unknown-linux-gnu
configure:2393: checking target system type
configure:2406: result: arm-unknown-linux-gnu
configure:2449: checking for a BSD-compatible install
configure:2517: result: /usr/bin/install -c
configure:2528: checking whether build environment is sane
configure:2578: result: yes
configure:2627: checking for arm-linux-strip
configure:2657: result: no
configure:2667: checking for strip
configure:2683: found /usr/bin/strip
configure:2694: result: strip
configure:2719: checking for a thread-safe mkdir -p
configure:2758: result: autotools/install-sh -c -d
configure:2771: checking for gawk
configure:2801: result: no
configure:2771: checking for mawk
configure:2801: result: no
configure:2771: checking for nawk
configure:2801: result: no
configure:2771: checking for awk
configure:2787: found /usr/bin/awk
configure:2798: result: awk
configure:2809: checking whether make sets $(MAKE)
configure:2831: result: yes
configure:2924: checking whether to disable maintainer-specific portions of Makefiles
configure:2933: result: yes
configure:2974: checking for arm-linux-gcc
configure:3001: result: arm-linux-androideabi-gcc
configure:3270: checking for C compiler version
configure:3279: arm-linux-androideabi-gcc --version >&5
arm-linux-androideabi-gcc (GCC) 4.6 20120106 (prerelease)
Copyright (C) 2011 Free Software Foundation, Inc.
This is free software; see the source for copying conditions.  There is NO
warranty; not even for MERCHANTABILITY or FITNESS FOR A PARTICULAR PURPOSE.

configure:3290: $? = 0
configure:3279: arm-linux-androideabi-gcc -v >&5
Using built-in specs.
COLLECT_GCC=arm-linux-androideabi-gcc
COLLECT_LTO_WRAPPER=/Users/jackiegleason/toolchain/bin/../libexec/gcc/arm-linux-androideabi/4.6/lto-wrapper
Target: arm-linux-androideabi
Configured with: /Users/User/ndk-User/src/build/../gcc/gcc-4.6/configure --prefix=/tmp/ndk-User/build/toolchain/prefix --target=arm-linux-androideabi --host=i686-apple-darwin --build=i686-apple-darwin --with-gnu-as --with-gnu-ld --enable-languages=c,c++ --with-gmp=/tmp/ndk-User/build/toolchain/temp-install --with-mpfr=/tmp/ndk-User/build/toolchain/temp-install --with-mpc=/tmp/ndk-User/build/toolchain/temp-install --without-ppl --without-cloog --disable-libssp --enable-threads --disable-nls --disable-libmudflap --disable-libgomp --disable-libstdc__-v3 --disable-sjlj-exceptions --disable-shared --disable-tls --disable-libitm --with-float=soft --with-fpu=vfp --with-arch=armv5te --enable-target-optspace --enable-initfini-array --disable-nls --prefix=/tmp/ndk-User/build/toolchain/prefix --with-sysroot=/tmp/ndk-User/build/toolchain/prefix/sysroot --with-binutils-version=2.21 --with-mpfr-version=2.4.1 --with-mpc-version=0.8.1 --with-gmp-version=5.0.5 --with-gcc-version=4.6 --with-gdb-version=7.3.x --with-gxx-include-dir=/tmp/ndk-User/build/toolchain/prefix/include/c++/4.6 --disable-bootstrap --disable-libquadmath --disable-plugin --enable-gold --with-arch=armv5te --program-transform-name='s&^&arm-linux-androideabi-&' --enable-gold=default
Thread model: posix
gcc version 4.6 20120106 (prerelease) (GCC) 
configure:3290: $? = 0
configure:3279: arm-linux-androideabi-gcc -V >&5
arm-linux-androideabi-gcc: error: unrecognized option '-V'
arm-linux-androideabi-gcc: fatal error: no input files
compilation terminated.
configure:3290: $? = 1
configure:3279: arm-linux-androideabi-gcc -qversion >&5
arm-linux-androideabi-gcc: error: unrecognized option '-qversion'
arm-linux-androideabi-gcc: fatal error: no input files
compilation terminated.
configure:3290: $? = 1
configure:3310: checking whether the C compiler works
configure:3332: arm-linux-androideabi-gcc  -I/platforms/android-14/arch-arm/usr/include  conftest.c  >&5
configure:3336: $? = 0
configure:3385: result: yes
configure:3388: checking for C compiler default output file name
configure:3390: result: a.out
configure:3396: checking for suffix of executables
configure:3403: arm-linux-androideabi-gcc -o conftest  -I/platforms/android-14/arch-arm/usr/include  conftest.c  >&5
configure:3407: $? = 0
configure:3429: result: 
configure:3451: checking whether we are cross compiling
configure:3459: arm-linux-androideabi-gcc -o conftest  -I/platforms/android-14/arch-arm/usr/include  conftest.c  >&5
configure:3463: $? = 0
configure:3470: ./conftest
./configure: line 3472: ./conftest: cannot execute binary file
configure:3474: $? = 126
configure:3489: result: yes
configure:3494: checking for suffix of object files
configure:3516: arm-linux-androideabi-gcc -c  -I/platforms/android-14/arch-arm/usr/include conftest.c >&5
configure:3520: $? = 0
configure:3541: result: o
configure:3545: checking whether we are using the GNU C compiler
configure:3564: arm-linux-androideabi-gcc -c  -I/platforms/android-14/arch-arm/usr/include conftest.c >&5
configure:3564: $? = 0
configure:3573: result: yes
configure:3582: checking whether arm-linux-androideabi-gcc accepts -g
configure:3602: arm-linux-androideabi-gcc -c -g -I/platforms/android-14/arch-arm/usr/include conftest.c >&5
configure:3602: $? = 0
configure:3643: result: yes
configure:3660: checking for arm-linux-androideabi-gcc option to accept ISO C89
configure:3724: arm-linux-androideabi-gcc  -c -g -O2 -I/platforms/android-14/arch-arm/usr/include conftest.c >&5
configure:3724: $? = 0
configure:3737: result: none needed
configure:3768: checking for style of include used by make
configure:3796: result: GNU
configure:3821: checking dependency style of arm-linux-androideabi-gcc
configure:3931: result: gcc3
configure:3946: checking whether ln -s works
configure:3950: result: yes
configure:3960: checking for arm-linux-ranlib
configure:3990: result: no
configure:4000: checking for ranlib
configure:4016: found /usr/bin/ranlib
configure:4027: result: ranlib
configure:4039: WARNING: using cross tools not prefixed with host triplet
configure:4055: checking how to run the C preprocessor
configure:4086: arm-linux-androideabi-gcc -E -I/platforms/android-14/arch-arm/usr/include conftest.c
configure:4086: $? = 0
configure:4100: arm-linux-androideabi-gcc -E -I/platforms/android-14/arch-arm/usr/include conftest.c
conftest.c:12:28: fatal error: ac_nonexistent.h: No such file or directory
compilation terminated.
configure:4100: $? = 1
configure: failed program was:
| /* confdefs.h */
| #define PACKAGE_NAME "PrBoom-Plus"
| #define PACKAGE_TARNAME "prboom-plus"
| #define PACKAGE_VERSION "2.5.1.4"
| #define PACKAGE_STRING "PrBoom-Plus 2.5.1.4"
| #define PACKAGE_BUGREPORT ""
| #define PACKAGE_URL ""
| #define PACKAGE "prboom-plus"
| #define VERSION "2.5.1.4"
| #define DOOMWADDIR "/sdcard/doom/share/games/doom"
| /* end confdefs.h.  */
| #include <ac_nonexistent.h>
configure:4125: result: arm-linux-androideabi-gcc -E
configure:4145: arm-linux-androideabi-gcc -E -I/platforms/android-14/arch-arm/usr/include conftest.c
configure:4145: $? = 0
configure:4159: arm-linux-androideabi-gcc -E -I/platforms/android-14/arch-arm/usr/include conftest.c
conftest.c:12:28: fatal error: ac_nonexistent.h: No such file or directory
compilation terminated.
configure:4159: $? = 1
configure: failed program was:
| /* confdefs.h */
| #define PACKAGE_NAME "PrBoom-Plus"
| #define PACKAGE_TARNAME "prboom-plus"
| #define PACKAGE_VERSION "2.5.1.4"
| #define PACKAGE_STRING "PrBoom-Plus 2.5.1.4"
| #define PACKAGE_BUGREPORT ""
| #define PACKAGE_URL ""
| #define PACKAGE "prboom-plus"
| #define VERSION "2.5.1.4"
| #define DOOMWADDIR "/sdcard/doom/share/games/doom"
| /* end confdefs.h.  */
| #include <ac_nonexistent.h>
configure:4188: checking for grep that handles long lines and -e
configure:4246: result: /usr/bin/grep
configure:4251: checking for egrep
configure:4313: result: /usr/bin/grep -E
configure:4318: checking for ANSI C header files
configure:4338: arm-linux-androideabi-gcc -c -g -O2 -I/platforms/android-14/arch-arm/usr/include conftest.c >&5
configure:4338: $? = 0
configure:4422: result: yes
configure:4435: checking for sys/types.h
configure:4435: arm-linux-androideabi-gcc -c -g -O2 -I/platforms/android-14/arch-arm/usr/include conftest.c >&5
configure:4435: $? = 0
configure:4435: result: yes
configure:4435: checking for sys/stat.h
configure:4435: arm-linux-androideabi-gcc -c -g -O2 -I/platforms/android-14/arch-arm/usr/include conftest.c >&5
configure:4435: $? = 0
configure:4435: result: yes
configure:4435: checking for stdlib.h
configure:4435: arm-linux-androideabi-gcc -c -g -O2 -I/platforms/android-14/arch-arm/usr/include conftest.c >&5
configure:4435: $? = 0
configure:4435: result: yes
configure:4435: checking for string.h
configure:4435: arm-linux-androideabi-gcc -c -g -O2 -I/platforms/android-14/arch-arm/usr/include conftest.c >&5
configure:4435: $? = 0
configure:4435: result: yes
configure:4435: checking for memory.h
configure:4435: arm-linux-androideabi-gcc -c -g -O2 -I/platforms/android-14/arch-arm/usr/include conftest.c >&5
configure:4435: $? = 0
configure:4435: result: yes
configure:4435: checking for strings.h
configure:4435: arm-linux-androideabi-gcc -c -g -O2 -I/platforms/android-14/arch-arm/usr/include conftest.c >&5
configure:4435: $? = 0
configure:4435: result: yes
configure:4435: checking for inttypes.h
configure:4435: arm-linux-androideabi-gcc -c -g -O2 -I/platforms/android-14/arch-arm/usr/include conftest.c >&5
configure:4435: $? = 0
configure:4435: result: yes
configure:4435: checking for stdint.h
configure:4435: arm-linux-androideabi-gcc -c -g -O2 -I/platforms/android-14/arch-arm/usr/include conftest.c >&5
configure:4435: $? = 0
configure:4435: result: yes
configure:4435: checking for unistd.h
configure:4435: arm-linux-androideabi-gcc -c -g -O2 -I/platforms/android-14/arch-arm/usr/include conftest.c >&5
configure:4435: $? = 0
configure:4435: result: yes
configure:4449: checking minix/config.h usability
configure:4449: arm-linux-androideabi-gcc -c -g -O2 -I/platforms/android-14/arch-arm/usr/include conftest.c >&5
conftest.c:55:26: fatal error: minix/config.h: No such file or directory
compilation terminated.
configure:4449: $? = 1
configure: failed program was:
| /* confdefs.h */
| #define PACKAGE_NAME "PrBoom-Plus"
| #define PACKAGE_TARNAME "prboom-plus"
| #define PACKAGE_VERSION "2.5.1.4"
| #define PACKAGE_STRING "PrBoom-Plus 2.5.1.4"
| #define PACKAGE_BUGREPORT ""
| #define PACKAGE_URL ""
| #define PACKAGE "prboom-plus"
| #define VERSION "2.5.1.4"
| #define DOOMWADDIR "/sdcard/doom/share/games/doom"
| #define STDC_HEADERS 1
| #define HAVE_SYS_TYPES_H 1
| #define HAVE_SYS_STAT_H 1
| #define HAVE_STDLIB_H 1
| #define HAVE_STRING_H 1
| #define HAVE_MEMORY_H 1
| #define HAVE_STRINGS_H 1
| #define HAVE_INTTYPES_H 1
| #define HAVE_STDINT_H 1
| #define HAVE_UNISTD_H 1
| /* end confdefs.h.  */
| #include <stdio.h>
| #ifdef HAVE_SYS_TYPES_H
| # include <sys/types.h>
| #endif
| #ifdef HAVE_SYS_STAT_H
| # include <sys/stat.h>
| #endif
| #ifdef STDC_HEADERS
| # include <stdlib.h>
| # include <stddef.h>
| #else
| # ifdef HAVE_STDLIB_H
| #  include <stdlib.h>
| # endif
| #endif
| #ifdef HAVE_STRING_H
| # if !defined STDC_HEADERS && defined HAVE_MEMORY_H
| #  include <memory.h>
| # endif
| # include <string.h>
| #endif
| #ifdef HAVE_STRINGS_H
| # include <strings.h>
| #endif
| #ifdef HAVE_INTTYPES_H
| # include <inttypes.h>
| #endif
| #ifdef HAVE_STDINT_H
| # include <stdint.h>
| #endif
| #ifdef HAVE_UNISTD_H
| # include <unistd.h>
| #endif
| #include <minix/config.h>
configure:4449: result: no
configure:4449: checking minix/config.h presence
configure:4449: arm-linux-androideabi-gcc -E -I/platforms/android-14/arch-arm/usr/include conftest.c
conftest.c:22:26: fatal error: minix/config.h: No such file or directory
compilation terminated.
configure:4449: $? = 1
configure: failed program was:
| /* confdefs.h */
| #define PACKAGE_NAME "PrBoom-Plus"
| #define PACKAGE_TARNAME "prboom-plus"
| #define PACKAGE_VERSION "2.5.1.4"
| #define PACKAGE_STRING "PrBoom-Plus 2.5.1.4"
| #define PACKAGE_BUGREPORT ""
| #define PACKAGE_URL ""
| #define PACKAGE "prboom-plus"
| #define VERSION "2.5.1.4"
| #define DOOMWADDIR "/sdcard/doom/share/games/doom"
| #define STDC_HEADERS 1
| #define HAVE_SYS_TYPES_H 1
| #define HAVE_SYS_STAT_H 1
| #define HAVE_STDLIB_H 1
| #define HAVE_STRING_H 1
| #define HAVE_MEMORY_H 1
| #define HAVE_STRINGS_H 1
| #define HAVE_INTTYPES_H 1
| #define HAVE_STDINT_H 1
| #define HAVE_UNISTD_H 1
| /* end confdefs.h.  */
| #include <minix/config.h>
configure:4449: result: no
configure:4449: checking for minix/config.h
configure:4449: result: no
configure:4470: checking whether it is safe to define __EXTENSIONS__
configure:4488: arm-linux-androideabi-gcc -c -g -O2 -I/platforms/android-14/arch-arm/usr/include conftest.c >&5
configure:4488: $? = 0
configure:4495: result: yes
configure:4528: checking whether compiler supports -Wall
configure:4544: arm-linux-androideabi-gcc -c -g -O2 -Wall -I/platforms/android-14/arch-arm/usr/include conftest.c >&5
configure:4544: $? = 0
configure:4547: result: yes
configure:4528: checking whether compiler supports -Wextra
configure:4544: arm-linux-androideabi-gcc -c -g -O2 -Wall -Wextra -I/platforms/android-14/arch-arm/usr/include conftest.c >&5
configure:4544: $? = 0
configure:4547: result: yes
configure:4528: checking whether compiler supports -Wno-missing-field-initializers
configure:4544: arm-linux-androideabi-gcc -c -g -O2 -Wall -Wextra -Wno-missing-field-initializers -I/platforms/android-14/arch-arm/usr/include conftest.c >&5
configure:4544: $? = 0
configure:4547: result: yes
configure:4528: checking whether compiler supports -Wwrite-strings
configure:4544: arm-linux-androideabi-gcc -c -g -O2 -Wall -Wextra -Wno-missing-field-initializers -Wwrite-strings -I/platforms/android-14/arch-arm/usr/include conftest.c >&5
configure:4544: $? = 0
configure:4547: result: yes
configure:4528: checking whether compiler supports -Wundef
configure:4544: arm-linux-androideabi-gcc -c -g -O2 -Wall -Wextra -Wno-missing-field-initializers -Wwrite-strings -Wundef -I/platforms/android-14/arch-arm/usr/include conftest.c >&5
configure:4544: $? = 0
configure:4547: result: yes
configure:4528: checking whether compiler supports -Wbad-function-cast
configure:4544: arm-linux-androideabi-gcc -c -g -O2 -Wall -Wextra -Wno-missing-field-initializers -Wwrite-strings -Wundef -Wbad-function-cast -I/platforms/android-14/arch-arm/usr/include conftest.c >&5
configure:4544: $? = 0
configure:4547: result: yes
configure:4528: checking whether compiler supports -Wcast-align
configure:4544: arm-linux-androideabi-gcc -c -g -O2 -Wall -Wextra -Wno-missing-field-initializers -Wwrite-strings -Wundef -Wbad-function-cast -Wcast-align -I/platforms/android-14/arch-arm/usr/include conftest.c >&5
configure:4544: $? = 0
configure:4547: result: yes
configure:4528: checking whether compiler supports -Wcast-qual
configure:4544: arm-linux-androideabi-gcc -c -g -O2 -Wall -Wextra -Wno-missing-field-initializers -Wwrite-strings -Wundef -Wbad-function-cast -Wcast-align -Wcast-qual -I/platforms/android-14/arch-arm/usr/include conftest.c >&5
configure:4544: $? = 0
configure:4547: result: yes
configure:4528: checking whether compiler supports -Wdeclaration-after-statement
configure:4544: arm-linux-androideabi-gcc -c -g -O2 -Wall -Wextra -Wno-missing-field-initializers -Wwrite-strings -Wundef -Wbad-function-cast -Wcast-align -Wcast-qual -Wdeclaration-after-statement -I/platforms/android-14/arch-arm/usr/include conftest.c >&5
configure:4544: $? = 0
configure:4547: result: yes
configure:4528: checking whether compiler supports -Wpointer-arith
configure:4544: arm-linux-androideabi-gcc -c -g -O2 -Wall -Wextra -Wno-missing-field-initializers -Wwrite-strings -Wundef -Wbad-function-cast -Wcast-align -Wcast-qual -Wdeclaration-after-statement -Wpointer-arith -I/platforms/android-14/arch-arm/usr/include conftest.c >&5
configure:4544: $? = 0
configure:4547: result: yes
configure:4528: checking whether compiler supports -ffast-math
configure:4544: arm-linux-androideabi-gcc -c -g -O2 -Wall -Wextra -Wno-missing-field-initializers -Wwrite-strings -Wundef -Wbad-function-cast -Wcast-align -Wcast-qual -Wdeclaration-after-statement -Wpointer-arith -ffast-math -I/platforms/android-14/arch-arm/usr/include conftest.c >&5
configure:4544: $? = 0
configure:4547: result: yes
configure:4571: checking whether compiler supports -Wno-unused
configure:4587: arm-linux-androideabi-gcc -c -g -O2 -Wall -Wextra -Wno-missing-field-initializers -Wwrite-strings -Wundef -Wbad-function-cast -Wcast-align -Wcast-qual -Wdeclaration-after-statement -Wpointer-arith -ffast-math -Wno-unused -I/platforms/android-14/arch-arm/usr/include conftest.c >&5
configure:4587: $? = 0
configure:4590: result: yes
configure:4571: checking whether compiler supports -Wno-switch
configure:4587: arm-linux-androideabi-gcc -c -g -O2 -Wall -Wextra -Wno-missing-field-initializers -Wwrite-strings -Wundef -Wbad-function-cast -Wcast-align -Wcast-qual -Wdeclaration-after-statement -Wpointer-arith -ffast-math -Wno-unused -Wno-switch -I/platforms/android-14/arch-arm/usr/include conftest.c >&5
configure:4587: $? = 0
configure:4590: result: yes
configure:4571: checking whether compiler supports -Wno-sign-compare
configure:4587: arm-linux-androideabi-gcc -c -g -O2 -Wall -Wextra -Wno-missing-field-initializers -Wwrite-strings -Wundef -Wbad-function-cast -Wcast-align -Wcast-qual -Wdeclaration-after-statement -Wpointer-arith -ffast-math -Wno-unused -Wno-switch -Wno-sign-compare -I/platforms/android-14/arch-arm/usr/include conftest.c >&5
configure:4587: $? = 0
configure:4590: result: yes
configure:4571: checking whether compiler supports -Wno-pointer-sign
configure:4587: arm-linux-androideabi-gcc -c -g -O2 -Wall -Wextra -Wno-missing-field-initializers -Wwrite-strings -Wundef -Wbad-function-cast -Wcast-align -Wcast-qual -Wdeclaration-after-statement -Wpointer-arith -ffast-math -Wno-unused -Wno-switch -Wno-sign-compare -Wno-pointer-sign -I/platforms/android-14/arch-arm/usr/include conftest.c >&5
configure:4587: $? = 0
configure:4590: result: yes
configure:4658: checking if malloc debugging is wanted
configure:4676: result: no
configure:4690: checking whether compiler supports -march=native
configure:4707: arm-linux-androideabi-gcc -c -g -O2 -Wall -Wextra -Wno-missing-field-initializers -Wwrite-strings -Wundef -Wbad-function-cast -Wcast-align -Wcast-qual -Wdeclaration-after-statement -Wpointer-arith -ffast-math -Wno-unused -Wno-switch -Wno-sign-compare -Wno-pointer-sign -march=native -I/platforms/android-14/arch-arm/usr/include conftest.c >&5
cc1: error: bad value (native) for -march switch
configure:4707: $? = 1
configure: failed program was:
| /* confdefs.h */
| #define PACKAGE_NAME "PrBoom-Plus"
| #define PACKAGE_TARNAME "prboom-plus"
| #define PACKAGE_VERSION "2.5.1.4"
| #define PACKAGE_STRING "PrBoom-Plus 2.5.1.4"
| #define PACKAGE_BUGREPORT ""
| #define PACKAGE_URL ""
| #define PACKAGE "prboom-plus"
| #define VERSION "2.5.1.4"
| #define DOOMWADDIR "/sdcard/doom/share/games/doom"
| #define STDC_HEADERS 1
| #define HAVE_SYS_TYPES_H 1
| #define HAVE_SYS_STAT_H 1
| #define HAVE_STDLIB_H 1
| #define HAVE_STRING_H 1
| #define HAVE_MEMORY_H 1
| #define HAVE_STRINGS_H 1
| #define HAVE_INTTYPES_H 1
| #define HAVE_STDINT_H 1
| #define HAVE_UNISTD_H 1
| #define __EXTENSIONS__ 1
| #define _ALL_SOURCE 1
| #define _GNU_SOURCE 1
| #define _POSIX_PTHREAD_SEMANTICS 1
| #define _TANDEM_SOURCE 1
| #define PACKEDATTR __attribute__((packed))
| /* end confdefs.h.  */
| 
| int
| main ()
| {
| 
|   void f() {};
| 
|   ;
|   return 0;
| }
configure:4714: result: no
configure:4772: checking whether compiler supports -O2
configure:4788: arm-linux-androideabi-gcc -c -g -O2 -Wall -Wextra -Wno-missing-field-initializers -Wwrite-strings -Wundef -Wbad-function-cast -Wcast-align -Wcast-qual -Wdeclaration-after-statement -Wpointer-arith -ffast-math -Wno-unused -Wno-switch -Wno-sign-compare -Wno-pointer-sign -O2 -I/platforms/android-14/arch-arm/usr/include conftest.c >&5
configure:4788: $? = 0
configure:4791: result: yes
configure:4772: checking whether compiler supports -fomit-frame-pointer
configure:4788: arm-linux-androideabi-gcc -c -g -O2 -Wall -Wextra -Wno-missing-field-initializers -Wwrite-strings -Wundef -Wbad-function-cast -Wcast-align -Wcast-qual -Wdeclaration-after-statement -Wpointer-arith -ffast-math -Wno-unused -Wno-switch -Wno-sign-compare -Wno-pointer-sign -O2 -fomit-frame-pointer -I/platforms/android-14/arch-arm/usr/include conftest.c >&5
configure:4788: $? = 0
configure:4791: result: yes
configure:4804: checking for an ANSI C-conforming const
configure:4869: arm-linux-androideabi-gcc -c -g -O2 -Wall -Wextra -Wno-missing-field-initializers -Wwrite-strings -Wundef -Wbad-function-cast -Wcast-align -Wcast-qual -Wdeclaration-after-statement -Wpointer-arith -ffast-math -Wno-unused -Wno-switch -Wno-sign-compare -Wno-pointer-sign -O2 -fomit-frame-pointer -I$(top_srcdir)/src -I/platforms/android-14/arch-arm/usr/include conftest.c >&5
conftest.c: In function 'main':
conftest.c:51:9: warning: cast discards '__attribute__((const))' qualifier from pointer target type [-Wcast-qual]
conftest.c:57:10: warning: 't' is used uninitialized in this function [-Wuninitialized]
configure:4869: $? = 0
configure:4876: result: yes
configure:4884: checking for inline
configure:4900: arm-linux-androideabi-gcc -c -g -O2 -Wall -Wextra -Wno-missing-field-initializers -Wwrite-strings -Wundef -Wbad-function-cast -Wcast-align -Wcast-qual -Wdeclaration-after-statement -Wpointer-arith -ffast-math -Wno-unused -Wno-switch -Wno-sign-compare -Wno-pointer-sign -O2 -fomit-frame-pointer -I$(top_srcdir)/src -I/platforms/android-14/arch-arm/usr/include conftest.c >&5
configure:4900: $? = 0
configure:4908: result: inline
configure:5153: checking for uid_t in sys/types.h
configure:5172: result: yes
configure:5183: checking for size_t
configure:5183: arm-linux-androideabi-gcc -c -g -O2 -Wall -Wextra -Wno-missing-field-initializers -Wwrite-strings -Wundef -Wbad-function-cast -Wcast-align -Wcast-qual -Wdeclaration-after-statement -Wpointer-arith -ffast-math -Wno-unused -Wno-switch -Wno-sign-compare -Wno-pointer-sign -O2 -fomit-frame-pointer -I$(top_srcdir)/src -I/platforms/android-14/arch-arm/usr/include conftest.c >&5
configure:5183: $? = 0
configure:5183: arm-linux-androideabi-gcc -c -g -O2 -Wall -Wextra -Wno-missing-field-initializers -Wwrite-strings -Wundef -Wbad-function-cast -Wcast-align -Wcast-qual -Wdeclaration-after-statement -Wpointer-arith -ffast-math -Wno-unused -Wno-switch -Wno-sign-compare -Wno-pointer-sign -O2 -fomit-frame-pointer -I$(top_srcdir)/src -I/platforms/android-14/arch-arm/usr/include conftest.c >&5
conftest.c: In function 'main':
conftest.c:64:21: error: expected expression before ')' token
configure:5183: $? = 1
configure: failed program was:
| /* confdefs.h */
| #define PACKAGE_NAME "PrBoom-Plus"
| #define PACKAGE_TARNAME "prboom-plus"
| #define PACKAGE_VERSION "2.5.1.4"
| #define PACKAGE_STRING "PrBoom-Plus 2.5.1.4"
| #define PACKAGE_BUGREPORT ""
| #define PACKAGE_URL ""
| #define PACKAGE "prboom-plus"
| #define VERSION "2.5.1.4"
| #define DOOMWADDIR "/sdcard/doom/share/games/doom"
| #define STDC_HEADERS 1
| #define HAVE_SYS_TYPES_H 1
| #define HAVE_SYS_STAT_H 1
| #define HAVE_STDLIB_H 1
| #define HAVE_STRING_H 1
| #define HAVE_MEMORY_H 1
| #define HAVE_STRINGS_H 1
| #define HAVE_INTTYPES_H 1
| #define HAVE_STDINT_H 1
| #define HAVE_UNISTD_H 1
| #define __EXTENSIONS__ 1
| #define _ALL_SOURCE 1
| #define _GNU_SOURCE 1
| #define _POSIX_PTHREAD_SEMANTICS 1
| #define _TANDEM_SOURCE 1
| #define PACKEDATTR __attribute__((packed))
| /* end confdefs.h.  */
| #include <stdio.h>
| #ifdef HAVE_SYS_TYPES_H
| # include <sys/types.h>
| #endif
| #ifdef HAVE_SYS_STAT_H
| # include <sys/stat.h>
| #endif
| #ifdef STDC_HEADERS
| # include <stdlib.h>
| # include <stddef.h>
| #else
| # ifdef HAVE_STDLIB_H
| #  include <stdlib.h>
| # endif
| #endif
| #ifdef HAVE_STRING_H
| # if !defined STDC_HEADERS && defined HAVE_MEMORY_H
| #  include <memory.h>
| # endif
| # include <string.h>
| #endif
| #ifdef HAVE_STRINGS_H
| # include <strings.h>
| #endif
| #ifdef HAVE_INTTYPES_H
| # include <inttypes.h>
| #endif
| #ifdef HAVE_STDINT_H
| # include <stdint.h>
| #endif
| #ifdef HAVE_UNISTD_H
| # include <unistd.h>
| #endif
| int
| main ()
| {
| if (sizeof ((size_t)))
| 	    return 0;
|   ;
|   return 0;
| }
configure:5183: result: yes
configure:5194: checking whether sys_siglist is declared
configure:5194: arm-linux-androideabi-gcc -c -g -O2 -Wall -Wextra -Wno-missing-field-initializers -Wwrite-strings -Wundef -Wbad-function-cast -Wcast-align -Wcast-qual -Wdeclaration-after-statement -Wpointer-arith -ffast-math -Wno-unused -Wno-switch -Wno-sign-compare -Wno-pointer-sign -O2 -fomit-frame-pointer -I$(top_srcdir)/src -I/platforms/android-14/arch-arm/usr/include conftest.c >&5
configure:5194: $? = 0
configure:5194: result: yes
configure:5212: checking for sys/wait.h that is POSIX.1 compatible
configure:5238: arm-linux-androideabi-gcc -c -g -O2 -Wall -Wextra -Wno-missing-field-initializers -Wwrite-strings -Wundef -Wbad-function-cast -Wcast-align -Wcast-qual -Wdeclaration-after-statement -Wpointer-arith -ffast-math -Wno-unused -Wno-switch -Wno-sign-compare -Wno-pointer-sign -O2 -fomit-frame-pointer -I$(top_srcdir)/src -I/platforms/android-14/arch-arm/usr/include conftest.c >&5
configure:5238: $? = 0
configure:5245: result: yes
configure:5256: checking for unistd.h
configure:5256: result: yes
configure:5256: checking asm/byteorder.h usability
configure:5256: arm-linux-androideabi-gcc -c -g -O2 -Wall -Wextra -Wno-missing-field-initializers -Wwrite-strings -Wundef -Wbad-function-cast -Wcast-align -Wcast-qual -Wdeclaration-after-statement -Wpointer-arith -ffast-math -Wno-unused -Wno-switch -Wno-sign-compare -Wno-pointer-sign -O2 -fomit-frame-pointer -I$(top_srcdir)/src -I/platforms/android-14/arch-arm/usr/include conftest.c >&5
configure:5256: $? = 0
configure:5256: result: yes
configure:5256: checking asm/byteorder.h presence
configure:5256: arm-linux-androideabi-gcc -E -I/platforms/android-14/arch-arm/usr/include conftest.c
configure:5256: $? = 0
configure:5256: result: yes
configure:5256: checking for asm/byteorder.h
configure:5256: result: yes
configure:5256: checking sched.h usability
configure:5256: arm-linux-androideabi-gcc -c -g -O2 -Wall -Wextra -Wno-missing-field-initializers -Wwrite-strings -Wundef -Wbad-function-cast -Wcast-align -Wcast-qual -Wdeclaration-after-statement -Wpointer-arith -ffast-math -Wno-unused -Wno-switch -Wno-sign-compare -Wno-pointer-sign -O2 -fomit-frame-pointer -I$(top_srcdir)/src -I/platforms/android-14/arch-arm/usr/include conftest.c >&5
configure:5256: $? = 0
configure:5256: result: yes
configure:5256: checking sched.h presence
configure:5256: arm-linux-androideabi-gcc -E -I/platforms/android-14/arch-arm/usr/include conftest.c
configure:5256: $? = 0
configure:5256: result: yes
configure:5256: checking for sched.h
configure:5256: result: yes
configure:5268: checking for stricmp
configure:5268: arm-linux-androideabi-gcc -o conftest -g -O2 -Wall -Wextra -Wno-missing-field-initializers -Wwrite-strings -Wundef -Wbad-function-cast -Wcast-align -Wcast-qual -Wdeclaration-after-statement -Wpointer-arith -ffast-math -Wno-unused -Wno-switch -Wno-sign-compare -Wno-pointer-sign -O2 -fomit-frame-pointer -I$(top_srcdir)/src -I/platforms/android-14/arch-arm/usr/include  conftest.c  >&5
/Users/jackiegleason/toolchain/bin/../lib/gcc/arm-linux-androideabi/4.6/../../../../arm-linux-androideabi/bin/ld: /var/folders/2q/_h54_8112ng20_3gr39fgv7c0000gn/T//ccrUZpgu.o: in function main:conftest.c:67: error: undefined reference to 'stricmp'
collect2: ld returned 1 exit status
configure:5268: $? = 1
configure: failed program was:
| /* confdefs.h */
| #define PACKAGE_NAME "PrBoom-Plus"
| #define PACKAGE_TARNAME "prboom-plus"
| #define PACKAGE_VERSION "2.5.1.4"
| #define PACKAGE_STRING "PrBoom-Plus 2.5.1.4"
| #define PACKAGE_BUGREPORT ""
| #define PACKAGE_URL ""
| #define PACKAGE "prboom-plus"
| #define VERSION "2.5.1.4"
| #define DOOMWADDIR "/sdcard/doom/share/games/doom"
| #define STDC_HEADERS 1
| #define HAVE_SYS_TYPES_H 1
| #define HAVE_SYS_STAT_H 1
| #define HAVE_STDLIB_H 1
| #define HAVE_STRING_H 1
| #define HAVE_MEMORY_H 1
| #define HAVE_STRINGS_H 1
| #define HAVE_INTTYPES_H 1
| #define HAVE_STDINT_H 1
| #define HAVE_UNISTD_H 1
| #define __EXTENSIONS__ 1
| #define _ALL_SOURCE 1
| #define _GNU_SOURCE 1
| #define _POSIX_PTHREAD_SEMANTICS 1
| #define _TANDEM_SOURCE 1
| #define PACKEDATTR __attribute__((packed))
| #define HAVE_DECL_SYS_SIGLIST 1
| #define HAVE_SYS_WAIT_H 1
| #define HAVE_UNISTD_H 1
| #define HAVE_ASM_BYTEORDER_H 1
| #define HAVE_SCHED_H 1
| /* end confdefs.h.  */
| /* Define stricmp to an innocuous variant, in case <limits.h> declares stricmp.
|    For example, HP-UX 11i <limits.h> declares gettimeofday.  */
| #define stricmp innocuous_stricmp
| 
| /* System header to define __stub macros and hopefully few prototypes,
|     which can conflict with char stricmp (); below.
|     Prefer <limits.h> to <assert.h> if __STDC__ is defined, since
|     <limits.h> exists even on freestanding compilers.  */
| 
| #ifdef __STDC__
| # include <limits.h>
| #else
| # include <assert.h>
| #endif
| 
| #undef stricmp
| 
| /* Override any GCC internal prototype to avoid an error.
|    Use char because int might match the return type of a GCC
|    builtin and then its argument prototype would still apply.  */
| #ifdef __cplusplus
| extern "C"
| #endif
| char stricmp ();
| /* The GNU C library defines this for functions which it implements
|     to always fail with ENOSYS.  Some functions are actually named
|     something starting with __ and the normal name is an alias.  */
| #if defined __stub_stricmp || defined __stub___stricmp
| choke me
| #endif
| 
| int
| main ()
| {
| return stricmp ();
|   ;
|   return 0;
| }
configure:5268: result: no
configure:5277: checking for strnicmp
configure:5277: arm-linux-androideabi-gcc -o conftest -g -O2 -Wall -Wextra -Wno-missing-field-initializers -Wwrite-strings -Wundef -Wbad-function-cast -Wcast-align -Wcast-qual -Wdeclaration-after-statement -Wpointer-arith -ffast-math -Wno-unused -Wno-switch -Wno-sign-compare -Wno-pointer-sign -O2 -fomit-frame-pointer -I$(top_srcdir)/src -I/platforms/android-14/arch-arm/usr/include  conftest.c  >&5
/Users/jackiegleason/toolchain/bin/../lib/gcc/arm-linux-androideabi/4.6/../../../../arm-linux-androideabi/bin/ld: /var/folders/2q/_h54_8112ng20_3gr39fgv7c0000gn/T//ccFEMwu4.o: in function main:conftest.c:68: error: undefined reference to 'strnicmp'
collect2: ld returned 1 exit status
configure:5277: $? = 1
configure: failed program was:
| /* confdefs.h */
| #define PACKAGE_NAME "PrBoom-Plus"
| #define PACKAGE_TARNAME "prboom-plus"
| #define PACKAGE_VERSION "2.5.1.4"
| #define PACKAGE_STRING "PrBoom-Plus 2.5.1.4"
| #define PACKAGE_BUGREPORT ""
| #define PACKAGE_URL ""
| #define PACKAGE "prboom-plus"
| #define VERSION "2.5.1.4"
| #define DOOMWADDIR "/sdcard/doom/share/games/doom"
| #define STDC_HEADERS 1
| #define HAVE_SYS_TYPES_H 1
| #define HAVE_SYS_STAT_H 1
| #define HAVE_STDLIB_H 1
| #define HAVE_STRING_H 1
| #define HAVE_MEMORY_H 1
| #define HAVE_STRINGS_H 1
| #define HAVE_INTTYPES_H 1
| #define HAVE_STDINT_H 1
| #define HAVE_UNISTD_H 1
| #define __EXTENSIONS__ 1
| #define _ALL_SOURCE 1
| #define _GNU_SOURCE 1
| #define _POSIX_PTHREAD_SEMANTICS 1
| #define _TANDEM_SOURCE 1
| #define PACKEDATTR __attribute__((packed))
| #define HAVE_DECL_SYS_SIGLIST 1
| #define HAVE_SYS_WAIT_H 1
| #define HAVE_UNISTD_H 1
| #define HAVE_ASM_BYTEORDER_H 1
| #define HAVE_SCHED_H 1
| #define stricmp strcasecmp
| /* end confdefs.h.  */
| /* Define strnicmp to an innocuous variant, in case <limits.h> declares strnicmp.
|    For example, HP-UX 11i <limits.h> declares gettimeofday.  */
| #define strnicmp innocuous_strnicmp
| 
| /* System header to define __stub macros and hopefully few prototypes,
|     which can conflict with char strnicmp (); below.
|     Prefer <limits.h> to <assert.h> if __STDC__ is defined, since
|     <limits.h> exists even on freestanding compilers.  */
| 
| #ifdef __STDC__
| # include <limits.h>
| #else
| # include <assert.h>
| #endif
| 
| #undef strnicmp
| 
| /* Override any GCC internal prototype to avoid an error.
|    Use char because int might match the return type of a GCC
|    builtin and then its argument prototype would still apply.  */
| #ifdef __cplusplus
| extern "C"
| #endif
| char strnicmp ();
| /* The GNU C library defines this for functions which it implements
|     to always fail with ENOSYS.  Some functions are actually named
|     something starting with __ and the normal name is an alias.  */
| #if defined __stub_strnicmp || defined __stub___strnicmp
| choke me
| #endif
| 
| int
| main ()
| {
| return strnicmp ();
|   ;
|   return 0;
| }
configure:5277: result: no
configure:5286: checking for min
configure:5286: arm-linux-androideabi-gcc -o conftest -g -O2 -Wall -Wextra -Wno-missing-field-initializers -Wwrite-strings -Wundef -Wbad-function-cast -Wcast-align -Wcast-qual -Wdeclaration-after-statement -Wpointer-arith -ffast-math -Wno-unused -Wno-switch -Wno-sign-compare -Wno-pointer-sign -O2 -fomit-frame-pointer -I$(top_srcdir)/src -I/platforms/android-14/arch-arm/usr/include  conftest.c  >&5
/Users/jackiegleason/toolchain/bin/../lib/gcc/arm-linux-androideabi/4.6/../../../../arm-linux-androideabi/bin/ld: /var/folders/2q/_h54_8112ng20_3gr39fgv7c0000gn/T//ccrUZ5pa.o: in function main:conftest.c:69: error: undefined reference to 'min'
collect2: ld returned 1 exit status
configure:5286: $? = 1
configure: failed program was:
| /* confdefs.h */
| #define PACKAGE_NAME "PrBoom-Plus"
| #define PACKAGE_TARNAME "prboom-plus"
| #define PACKAGE_VERSION "2.5.1.4"
| #define PACKAGE_STRING "PrBoom-Plus 2.5.1.4"
| #define PACKAGE_BUGREPORT ""
| #define PACKAGE_URL ""
| #define PACKAGE "prboom-plus"
| #define VERSION "2.5.1.4"
| #define DOOMWADDIR "/sdcard/doom/share/games/doom"
| #define STDC_HEADERS 1
| #define HAVE_SYS_TYPES_H 1
| #define HAVE_SYS_STAT_H 1
| #define HAVE_STDLIB_H 1
| #define HAVE_STRING_H 1
| #define HAVE_MEMORY_H 1
| #define HAVE_STRINGS_H 1
| #define HAVE_INTTYPES_H 1
| #define HAVE_STDINT_H 1
| #define HAVE_UNISTD_H 1
| #define __EXTENSIONS__ 1
| #define _ALL_SOURCE 1
| #define _GNU_SOURCE 1
| #define _POSIX_PTHREAD_SEMANTICS 1
| #define _TANDEM_SOURCE 1
| #define PACKEDATTR __attribute__((packed))
| #define HAVE_DECL_SYS_SIGLIST 1
| #define HAVE_SYS_WAIT_H 1
| #define HAVE_UNISTD_H 1
| #define HAVE_ASM_BYTEORDER_H 1
| #define HAVE_SCHED_H 1
| #define stricmp strcasecmp
| #define strnicmp strncasecmp
| /* end confdefs.h.  */
| /* Define min to an innocuous variant, in case <limits.h> declares min.
|    For example, HP-UX 11i <limits.h> declares gettimeofday.  */
| #define min innocuous_min
| 
| /* System header to define __stub macros and hopefully few prototypes,
|     which can conflict with char min (); below.
|     Prefer <limits.h> to <assert.h> if __STDC__ is defined, since
|     <limits.h> exists even on freestanding compilers.  */
| 
| #ifdef __STDC__
| # include <limits.h>
| #else
| # include <assert.h>
| #endif
| 
| #undef min
| 
| /* Override any GCC internal prototype to avoid an error.
|    Use char because int might match the return type of a GCC
|    builtin and then its argument prototype would still apply.  */
| #ifdef __cplusplus
| extern "C"
| #endif
| char min ();
| /* The GNU C library defines this for functions which it implements
|     to always fail with ENOSYS.  Some functions are actually named
|     something starting with __ and the normal name is an alias.  */
| #if defined __stub_min || defined __stub___min
| choke me
| #endif
| 
| int
| main ()
| {
| return min ();
|   ;
|   return 0;
| }
configure:5286: result: no
configure:5293: checking for max
configure:5293: arm-linux-androideabi-gcc -o conftest -g -O2 -Wall -Wextra -Wno-missing-field-initializers -Wwrite-strings -Wundef -Wbad-function-cast -Wcast-align -Wcast-qual -Wdeclaration-after-statement -Wpointer-arith -ffast-math -Wno-unused -Wno-switch -Wno-sign-compare -Wno-pointer-sign -O2 -fomit-frame-pointer -I$(top_srcdir)/src -I/platforms/android-14/arch-arm/usr/include  conftest.c  >&5
/Users/jackiegleason/toolchain/bin/../lib/gcc/arm-linux-androideabi/4.6/../../../../arm-linux-androideabi/bin/ld: /var/folders/2q/_h54_8112ng20_3gr39fgv7c0000gn/T//ccwNHUBn.o: in function main:conftest.c:69: error: undefined reference to 'max'
collect2: ld returned 1 exit status
configure:5293: $? = 1
configure: failed program was:
| /* confdefs.h */
| #define PACKAGE_NAME "PrBoom-Plus"
| #define PACKAGE_TARNAME "prboom-plus"
| #define PACKAGE_VERSION "2.5.1.4"
| #define PACKAGE_STRING "PrBoom-Plus 2.5.1.4"
| #define PACKAGE_BUGREPORT ""
| #define PACKAGE_URL ""
| #define PACKAGE "prboom-plus"
| #define VERSION "2.5.1.4"
| #define DOOMWADDIR "/sdcard/doom/share/games/doom"
| #define STDC_HEADERS 1
| #define HAVE_SYS_TYPES_H 1
| #define HAVE_SYS_STAT_H 1
| #define HAVE_STDLIB_H 1
| #define HAVE_STRING_H 1
| #define HAVE_MEMORY_H 1
| #define HAVE_STRINGS_H 1
| #define HAVE_INTTYPES_H 1
| #define HAVE_STDINT_H 1
| #define HAVE_UNISTD_H 1
| #define __EXTENSIONS__ 1
| #define _ALL_SOURCE 1
| #define _GNU_SOURCE 1
| #define _POSIX_PTHREAD_SEMANTICS 1
| #define _TANDEM_SOURCE 1
| #define PACKEDATTR __attribute__((packed))
| #define HAVE_DECL_SYS_SIGLIST 1
| #define HAVE_SYS_WAIT_H 1
| #define HAVE_UNISTD_H 1
| #define HAVE_ASM_BYTEORDER_H 1
| #define HAVE_SCHED_H 1
| #define stricmp strcasecmp
| #define strnicmp strncasecmp
| /* end confdefs.h.  */
| /* Define max to an innocuous variant, in case <limits.h> declares max.
|    For example, HP-UX 11i <limits.h> declares gettimeofday.  */
| #define max innocuous_max
| 
| /* System header to define __stub macros and hopefully few prototypes,
|     which can conflict with char max (); below.
|     Prefer <limits.h> to <assert.h> if __STDC__ is defined, since
|     <limits.h> exists even on freestanding compilers.  */
| 
| #ifdef __STDC__
| # include <limits.h>
| #else
| # include <assert.h>
| #endif
| 
| #undef max
| 
| /* Override any GCC internal prototype to avoid an error.
|    Use char because int might match the return type of a GCC
|    builtin and then its argument prototype would still apply.  */
| #ifdef __cplusplus
| extern "C"
| #endif
| char max ();
| /* The GNU C library defines this for functions which it implements
|     to always fail with ENOSYS.  Some functions are actually named
|     something starting with __ and the normal name is an alias.  */
| #if defined __stub_max || defined __stub___max
| choke me
| #endif
| 
| int
| main ()
| {
| return max ();
|   ;
|   return 0;
| }
configure:5293: result: no
configure:5303: checking for getopt
configure:5303: arm-linux-androideabi-gcc -o conftest -g -O2 -Wall -Wextra -Wno-missing-field-initializers -Wwrite-strings -Wundef -Wbad-function-cast -Wcast-align -Wcast-qual -Wdeclaration-after-statement -Wpointer-arith -ffast-math -Wno-unused -Wno-switch -Wno-sign-compare -Wno-pointer-sign -O2 -fomit-frame-pointer -I$(top_srcdir)/src -I/platforms/android-14/arch-arm/usr/include  conftest.c  >&5
configure:5303: $? = 0
configure:5303: result: yes
configure:5303: checking for inet_aton
configure:5303: arm-linux-androideabi-gcc -o conftest -g -O2 -Wall -Wextra -Wno-missing-field-initializers -Wwrite-strings -Wundef -Wbad-function-cast -Wcast-align -Wcast-qual -Wdeclaration-after-statement -Wpointer-arith -ffast-math -Wno-unused -Wno-switch -Wno-sign-compare -Wno-pointer-sign -O2 -fomit-frame-pointer -I$(top_srcdir)/src -I/platforms/android-14/arch-arm/usr/include  conftest.c  >&5
configure:5303: $? = 0
configure:5303: result: yes
configure:5303: checking for inet_pton
configure:5303: arm-linux-androideabi-gcc -o conftest -g -O2 -Wall -Wextra -Wno-missing-field-initializers -Wwrite-strings -Wundef -Wbad-function-cast -Wcast-align -Wcast-qual -Wdeclaration-after-statement -Wpointer-arith -ffast-math -Wno-unused -Wno-switch -Wno-sign-compare -Wno-pointer-sign -O2 -fomit-frame-pointer -I$(top_srcdir)/src -I/platforms/android-14/arch-arm/usr/include  conftest.c  >&5
configure:5303: $? = 0
configure:5303: result: yes
configure:5303: checking for inet_ntop
configure:5303: arm-linux-androideabi-gcc -o conftest -g -O2 -Wall -Wextra -Wno-missing-field-initializers -Wwrite-strings -Wundef -Wbad-function-cast -Wcast-align -Wcast-qual -Wdeclaration-after-statement -Wpointer-arith -ffast-math -Wno-unused -Wno-switch -Wno-sign-compare -Wno-pointer-sign -O2 -fomit-frame-pointer -I$(top_srcdir)/src -I/platforms/android-14/arch-arm/usr/include  conftest.c  >&5
configure:5303: $? = 0
configure:5303: result: yes
configure:5303: checking for mmap
configure:5303: arm-linux-androideabi-gcc -o conftest -g -O2 -Wall -Wextra -Wno-missing-field-initializers -Wwrite-strings -Wundef -Wbad-function-cast -Wcast-align -Wcast-qual -Wdeclaration-after-statement -Wpointer-arith -ffast-math -Wno-unused -Wno-switch -Wno-sign-compare -Wno-pointer-sign -O2 -fomit-frame-pointer -I$(top_srcdir)/src -I/platforms/android-14/arch-arm/usr/include  conftest.c  >&5
configure:5303: $? = 0
configure:5303: result: yes
configure:5303: checking for usleep
configure:5303: arm-linux-androideabi-gcc -o conftest -g -O2 -Wall -Wextra -Wno-missing-field-initializers -Wwrite-strings -Wundef -Wbad-function-cast -Wcast-align -Wcast-qual -Wdeclaration-after-statement -Wpointer-arith -ffast-math -Wno-unused -Wno-switch -Wno-sign-compare -Wno-pointer-sign -O2 -fomit-frame-pointer -I$(top_srcdir)/src -I/platforms/android-14/arch-arm/usr/include  conftest.c  >&5
configure:5303: $? = 0
configure:5303: result: yes
configure:5303: checking for sched_setaffinity
configure:5303: arm-linux-androideabi-gcc -o conftest -g -O2 -Wall -Wextra -Wno-missing-field-initializers -Wwrite-strings -Wundef -Wbad-function-cast -Wcast-align -Wcast-qual -Wdeclaration-after-statement -Wpointer-arith -ffast-math -Wno-unused -Wno-switch -Wno-sign-compare -Wno-pointer-sign -O2 -fomit-frame-pointer -I$(top_srcdir)/src -I/platforms/android-14/arch-arm/usr/include  conftest.c  >&5
/Users/jackiegleason/toolchain/bin/../lib/gcc/arm-linux-androideabi/4.6/../../../../arm-linux-androideabi/bin/ld: /var/folders/2q/_h54_8112ng20_3gr39fgv7c0000gn/T//cc7Ppv0I.o: in function main:conftest.c:75: error: undefined reference to 'sched_setaffinity'
collect2: ld returned 1 exit status
configure:5303: $? = 1
configure: failed program was:
| /* confdefs.h */
| #define PACKAGE_NAME "PrBoom-Plus"
| #define PACKAGE_TARNAME "prboom-plus"
| #define PACKAGE_VERSION "2.5.1.4"
| #define PACKAGE_STRING "PrBoom-Plus 2.5.1.4"
| #define PACKAGE_BUGREPORT ""
| #define PACKAGE_URL ""
| #define PACKAGE "prboom-plus"
| #define VERSION "2.5.1.4"
| #define DOOMWADDIR "/sdcard/doom/share/games/doom"
| #define STDC_HEADERS 1
| #define HAVE_SYS_TYPES_H 1
| #define HAVE_SYS_STAT_H 1
| #define HAVE_STDLIB_H 1
| #define HAVE_STRING_H 1
| #define HAVE_MEMORY_H 1
| #define HAVE_STRINGS_H 1
| #define HAVE_INTTYPES_H 1
| #define HAVE_STDINT_H 1
| #define HAVE_UNISTD_H 1
| #define __EXTENSIONS__ 1
| #define _ALL_SOURCE 1
| #define _GNU_SOURCE 1
| #define _POSIX_PTHREAD_SEMANTICS 1
| #define _TANDEM_SOURCE 1
| #define PACKEDATTR __attribute__((packed))
| #define HAVE_DECL_SYS_SIGLIST 1
| #define HAVE_SYS_WAIT_H 1
| #define HAVE_UNISTD_H 1
| #define HAVE_ASM_BYTEORDER_H 1
| #define HAVE_SCHED_H 1
| #define stricmp strcasecmp
| #define strnicmp strncasecmp
| #define HAVE_GETOPT 1
| #define HAVE_INET_ATON 1
| #define HAVE_INET_PTON 1
| #define HAVE_INET_NTOP 1
| #define HAVE_MMAP 1
| #define HAVE_USLEEP 1
| /* end confdefs.h.  */
| /* Define sched_setaffinity to an innocuous variant, in case <limits.h> declares sched_setaffinity.
|    For example, HP-UX 11i <limits.h> declares gettimeofday.  */
| #define sched_setaffinity innocuous_sched_setaffinity
| 
| /* System header to define __stub macros and hopefully few prototypes,
|     which can conflict with char sched_setaffinity (); below.
|     Prefer <limits.h> to <assert.h> if __STDC__ is defined, since
|     <limits.h> exists even on freestanding compilers.  */
| 
| #ifdef __STDC__
| # include <limits.h>
| #else
| # include <assert.h>
| #endif
| 
| #undef sched_setaffinity
| 
| /* Override any GCC internal prototype to avoid an error.
|    Use char because int might match the return type of a GCC
|    builtin and then its argument prototype would still apply.  */
| #ifdef __cplusplus
| extern "C"
| #endif
| char sched_setaffinity ();
| /* The GNU C library defines this for functions which it implements
|     to always fail with ENOSYS.  Some functions are actually named
|     something starting with __ and the normal name is an alias.  */
| #if defined __stub_sched_setaffinity || defined __stub___sched_setaffinity
| choke me
| #endif
| 
| int
| main ()
| {
| return sched_setaffinity ();
|   ;
|   return 0;
| }
configure:5303: result: no
configure:5314: checking for pow in -lm
configure:5339: arm-linux-androideabi-gcc -o conftest -g -O2 -Wall -Wextra -Wno-missing-field-initializers -Wwrite-strings -Wundef -Wbad-function-cast -Wcast-align -Wcast-qual -Wdeclaration-after-statement -Wpointer-arith -ffast-math -Wno-unused -Wno-switch -Wno-sign-compare -Wno-pointer-sign -O2 -fomit-frame-pointer -I$(top_srcdir)/src -I/platforms/android-14/arch-arm/usr/include  conftest.c -lm   >&5
conftest.c:48:6: warning: conflicting types for built-in function 'pow' [enabled by default]
configure:5339: $? = 0
configure:5348: result: yes
configure:5481: checking for sdl-config
configure:5499: found /usr/local/bin/sdl-config
configure:5512: result: /usr/local/bin/sdl-config
configure:5522: checking for SDL - version >= 1.1.3
configure:5624: result: yes
configure:5704: checking for SDL_JoystickGetAxis
configure:5704: arm-linux-androideabi-gcc -o conftest -g -O2 -Wall -Wextra -Wno-missing-field-initializers -Wwrite-strings -Wundef -Wbad-function-cast -Wcast-align -Wcast-qual -Wdeclaration-after-statement -Wpointer-arith -ffast-math -Wno-unused -Wno-switch -Wno-sign-compare -Wno-pointer-sign -O2 -fomit-frame-pointer -I$(top_srcdir)/src -I/platforms/android-14/arch-arm/usr/include  conftest.c -lm  -L/usr/local/lib -lSDLmain -lSDL -Wl,-framework,Cocoa >&5
/Users/jackiegleason/toolchain/bin/../lib/gcc/arm-linux-androideabi/4.6/../../../../arm-linux-androideabi/bin/ld: -framework: unknown option
/Users/jackiegleason/toolchain/bin/../lib/gcc/arm-linux-androideabi/4.6/../../../../arm-linux-androideabi/bin/ld: use the --help option for usage information
collect2: ld returned 1 exit status
configure:5704: $? = 1
configure: failed program was:
| /* confdefs.h */
| #define PACKAGE_NAME "PrBoom-Plus"
| #define PACKAGE_TARNAME "prboom-plus"
| #define PACKAGE_VERSION "2.5.1.4"
| #define PACKAGE_STRING "PrBoom-Plus 2.5.1.4"
| #define PACKAGE_BUGREPORT ""
| #define PACKAGE_URL ""
| #define PACKAGE "prboom-plus"
| #define VERSION "2.5.1.4"
| #define DOOMWADDIR "/sdcard/doom/share/games/doom"
| #define STDC_HEADERS 1
| #define HAVE_SYS_TYPES_H 1
| #define HAVE_SYS_STAT_H 1
| #define HAVE_STDLIB_H 1
| #define HAVE_STRING_H 1
| #define HAVE_MEMORY_H 1
| #define HAVE_STRINGS_H 1
| #define HAVE_INTTYPES_H 1
| #define HAVE_STDINT_H 1
| #define HAVE_UNISTD_H 1
| #define __EXTENSIONS__ 1
| #define _ALL_SOURCE 1
| #define _GNU_SOURCE 1
| #define _POSIX_PTHREAD_SEMANTICS 1
| #define _TANDEM_SOURCE 1
| #define PACKEDATTR __attribute__((packed))
| #define HAVE_DECL_SYS_SIGLIST 1
| #define HAVE_SYS_WAIT_H 1
| #define HAVE_UNISTD_H 1
| #define HAVE_ASM_BYTEORDER_H 1
| #define HAVE_SCHED_H 1
| #define stricmp strcasecmp
| #define strnicmp strncasecmp
| #define HAVE_GETOPT 1
| #define HAVE_INET_ATON 1
| #define HAVE_INET_PTON 1
| #define HAVE_INET_NTOP 1
| #define HAVE_MMAP 1
| #define HAVE_USLEEP 1
| #define HAVE_LIBM 1
| /* end confdefs.h.  */
| /* Define SDL_JoystickGetAxis to an innocuous variant, in case <limits.h> declares SDL_JoystickGetAxis.
|    For example, HP-UX 11i <limits.h> declares gettimeofday.  */
| #define SDL_JoystickGetAxis innocuous_SDL_JoystickGetAxis
| 
| /* System header to define __stub macros and hopefully few prototypes,
|     which can conflict with char SDL_JoystickGetAxis (); below.
|     Prefer <limits.h> to <assert.h> if __STDC__ is defined, since
|     <limits.h> exists even on freestanding compilers.  */
| 
| #ifdef __STDC__
| # include <limits.h>
| #else
| # include <assert.h>
| #endif
| 
| #undef SDL_JoystickGetAxis
| 
| /* Override any GCC internal prototype to avoid an error.
|    Use char because int might match the return type of a GCC
|    builtin and then its argument prototype would still apply.  */
| #ifdef __cplusplus
| extern "C"
| #endif
| char SDL_JoystickGetAxis ();
| /* The GNU C library defines this for functions which it implements
|     to always fail with ENOSYS.  Some functions are actually named
|     something starting with __ and the normal name is an alias.  */
| #if defined __stub_SDL_JoystickGetAxis || defined __stub___SDL_JoystickGetAxis
| choke me
| #endif
| 
| int
| main ()
| {
| return SDL_JoystickGetAxis ();
|   ;
|   return 0;
| }
configure:5704: result: no
configure:5724: checking for Mix_OpenAudio in -lSDL_mixer
configure:5749: arm-linux-androideabi-gcc -o conftest -g -O2 -Wall -Wextra -Wno-missing-field-initializers -Wwrite-strings -Wundef -Wbad-function-cast -Wcast-align -Wcast-qual -Wdeclaration-after-statement -Wpointer-arith -ffast-math -Wno-unused -Wno-switch -Wno-sign-compare -Wno-pointer-sign -O2 -fomit-frame-pointer -I$(top_srcdir)/src -I/platforms/android-14/arch-arm/usr/include  conftest.c -lSDL_mixer -L/usr/local/lib -lSDLmain -lSDL -Wl,-framework,Cocoa  -lm  >&5
/Users/jackiegleason/toolchain/bin/../lib/gcc/arm-linux-androideabi/4.6/../../../../arm-linux-androideabi/bin/ld: -framework: unknown option
/Users/jackiegleason/toolchain/bin/../lib/gcc/arm-linux-androideabi/4.6/../../../../arm-linux-androideabi/bin/ld: use the --help option for usage information
collect2: ld returned 1 exit status
configure:5749: $? = 1
configure: failed program was:
| /* confdefs.h */
| #define PACKAGE_NAME "PrBoom-Plus"
| #define PACKAGE_TARNAME "prboom-plus"
| #define PACKAGE_VERSION "2.5.1.4"
| #define PACKAGE_STRING "PrBoom-Plus 2.5.1.4"
| #define PACKAGE_BUGREPORT ""
| #define PACKAGE_URL ""
| #define PACKAGE "prboom-plus"
| #define VERSION "2.5.1.4"
| #define DOOMWADDIR "/sdcard/doom/share/games/doom"
| #define STDC_HEADERS 1
| #define HAVE_SYS_TYPES_H 1
| #define HAVE_SYS_STAT_H 1
| #define HAVE_STDLIB_H 1
| #define HAVE_STRING_H 1
| #define HAVE_MEMORY_H 1
| #define HAVE_STRINGS_H 1
| #define HAVE_INTTYPES_H 1
| #define HAVE_STDINT_H 1
| #define HAVE_UNISTD_H 1
| #define __EXTENSIONS__ 1
| #define _ALL_SOURCE 1
| #define _GNU_SOURCE 1
| #define _POSIX_PTHREAD_SEMANTICS 1
| #define _TANDEM_SOURCE 1
| #define PACKEDATTR __attribute__((packed))
| #define HAVE_DECL_SYS_SIGLIST 1
| #define HAVE_SYS_WAIT_H 1
| #define HAVE_UNISTD_H 1
| #define HAVE_ASM_BYTEORDER_H 1
| #define HAVE_SCHED_H 1
| #define stricmp strcasecmp
| #define strnicmp strncasecmp
| #define HAVE_GETOPT 1
| #define HAVE_INET_ATON 1
| #define HAVE_INET_PTON 1
| #define HAVE_INET_NTOP 1
| #define HAVE_MMAP 1
| #define HAVE_USLEEP 1
| #define HAVE_LIBM 1
| /* end confdefs.h.  */
| 
| /* Override any GCC internal prototype to avoid an error.
|    Use char because int might match the return type of a GCC
|    builtin and then its argument prototype would still apply.  */
| #ifdef __cplusplus
| extern "C"
| #endif
| char Mix_OpenAudio ();
| int
| main ()
| {
| return Mix_OpenAudio ();
|   ;
|   return 0;
| }
configure:5758: result: no
configure:5785: checking for SDLNet_UDP_Bind in -lSDL_net
configure:5810: arm-linux-androideabi-gcc -o conftest -g -O2 -Wall -Wextra -Wno-missing-field-initializers -Wwrite-strings -Wundef -Wbad-function-cast -Wcast-align -Wcast-qual -Wdeclaration-after-statement -Wpointer-arith -ffast-math -Wno-unused -Wno-switch -Wno-sign-compare -Wno-pointer-sign -O2 -fomit-frame-pointer -I$(top_srcdir)/src -I/platforms/android-14/arch-arm/usr/include  conftest.c -lSDL_net -L/usr/local/lib -lSDLmain -lSDL -Wl,-framework,Cocoa -lm  >&5
/Users/jackiegleason/toolchain/bin/../lib/gcc/arm-linux-androideabi/4.6/../../../../arm-linux-androideabi/bin/ld: -framework: unknown option
/Users/jackiegleason/toolchain/bin/../lib/gcc/arm-linux-androideabi/4.6/../../../../arm-linux-androideabi/bin/ld: use the --help option for usage information
collect2: ld returned 1 exit status
configure:5810: $? = 1
configure: failed program was:
| /* confdefs.h */
| #define PACKAGE_NAME "PrBoom-Plus"
| #define PACKAGE_TARNAME "prboom-plus"
| #define PACKAGE_VERSION "2.5.1.4"
| #define PACKAGE_STRING "PrBoom-Plus 2.5.1.4"
| #define PACKAGE_BUGREPORT ""
| #define PACKAGE_URL ""
| #define PACKAGE "prboom-plus"
| #define VERSION "2.5.1.4"
| #define DOOMWADDIR "/sdcard/doom/share/games/doom"
| #define STDC_HEADERS 1
| #define HAVE_SYS_TYPES_H 1
| #define HAVE_SYS_STAT_H 1
| #define HAVE_STDLIB_H 1
| #define HAVE_STRING_H 1
| #define HAVE_MEMORY_H 1
| #define HAVE_STRINGS_H 1
| #define HAVE_INTTYPES_H 1
| #define HAVE_STDINT_H 1
| #define HAVE_UNISTD_H 1
| #define __EXTENSIONS__ 1
| #define _ALL_SOURCE 1
| #define _GNU_SOURCE 1
| #define _POSIX_PTHREAD_SEMANTICS 1
| #define _TANDEM_SOURCE 1
| #define PACKEDATTR __attribute__((packed))
| #define HAVE_DECL_SYS_SIGLIST 1
| #define HAVE_SYS_WAIT_H 1
| #define HAVE_UNISTD_H 1
| #define HAVE_ASM_BYTEORDER_H 1
| #define HAVE_SCHED_H 1
| #define stricmp strcasecmp
| #define strnicmp strncasecmp
| #define HAVE_GETOPT 1
| #define HAVE_INET_ATON 1
| #define HAVE_INET_PTON 1
| #define HAVE_INET_NTOP 1
| #define HAVE_MMAP 1
| #define HAVE_USLEEP 1
| #define HAVE_LIBM 1
| /* end confdefs.h.  */
| 
| /* Override any GCC internal prototype to avoid an error.
|    Use char because int might match the return type of a GCC
|    builtin and then its argument prototype would still apply.  */
| #ifdef __cplusplus
| extern "C"
| #endif
| char SDLNet_UDP_Bind ();
| int
| main ()
| {
| return SDLNet_UDP_Bind ();
|   ;
|   return 0;
| }
configure:5819: result: no
configure:5862: WARNING: *** SDL networking library not found. The game will not be compiled with network game support.
configure:5887: checking for pcreposix_regcomp in -lpcreposix
configure:5912: arm-linux-androideabi-gcc -o conftest -g -O2 -Wall -Wextra -Wno-missing-field-initializers -Wwrite-strings -Wundef -Wbad-function-cast -Wcast-align -Wcast-qual -Wdeclaration-after-statement -Wpointer-arith -ffast-math -Wno-unused -Wno-switch -Wno-sign-compare -Wno-pointer-sign -O2 -fomit-frame-pointer -I$(top_srcdir)/src -I/platforms/android-14/arch-arm/usr/include  conftest.c -lpcreposix  -lm  >&5
/Users/jackiegleason/toolchain/bin/../lib/gcc/arm-linux-androideabi/4.6/../../../../arm-linux-androideabi/bin/ld: error: cannot find -lpcreposix
/Users/jackiegleason/toolchain/bin/../lib/gcc/arm-linux-androideabi/4.6/../../../../arm-linux-androideabi/bin/ld: /var/folders/2q/_h54_8112ng20_3gr39fgv7c0000gn/T//cc7QW2UR.o: in function main:conftest.c:53: error: undefined reference to 'pcreposix_regcomp'
collect2: ld returned 1 exit status
configure:5912: $? = 1
configure: failed program was:
| /* confdefs.h */
| #define PACKAGE_NAME "PrBoom-Plus"
| #define PACKAGE_TARNAME "prboom-plus"
| #define PACKAGE_VERSION "2.5.1.4"
| #define PACKAGE_STRING "PrBoom-Plus 2.5.1.4"
| #define PACKAGE_BUGREPORT ""
| #define PACKAGE_URL ""
| #define PACKAGE "prboom-plus"
| #define VERSION "2.5.1.4"
| #define DOOMWADDIR "/sdcard/doom/share/games/doom"
| #define STDC_HEADERS 1
| #define HAVE_SYS_TYPES_H 1
| #define HAVE_SYS_STAT_H 1
| #define HAVE_STDLIB_H 1
| #define HAVE_STRING_H 1
| #define HAVE_MEMORY_H 1
| #define HAVE_STRINGS_H 1
| #define HAVE_INTTYPES_H 1
| #define HAVE_STDINT_H 1
| #define HAVE_UNISTD_H 1
| #define __EXTENSIONS__ 1
| #define _ALL_SOURCE 1
| #define _GNU_SOURCE 1
| #define _POSIX_PTHREAD_SEMANTICS 1
| #define _TANDEM_SOURCE 1
| #define PACKEDATTR __attribute__((packed))
| #define HAVE_DECL_SYS_SIGLIST 1
| #define HAVE_SYS_WAIT_H 1
| #define HAVE_UNISTD_H 1
| #define HAVE_ASM_BYTEORDER_H 1
| #define HAVE_SCHED_H 1
| #define stricmp strcasecmp
| #define strnicmp strncasecmp
| #define HAVE_GETOPT 1
| #define HAVE_INET_ATON 1
| #define HAVE_INET_PTON 1
| #define HAVE_INET_NTOP 1
| #define HAVE_MMAP 1
| #define HAVE_USLEEP 1
| #define HAVE_LIBM 1
| /* end confdefs.h.  */
| 
| /* Override any GCC internal prototype to avoid an error.
|    Use char because int might match the return type of a GCC
|    builtin and then its argument prototype would still apply.  */
| #ifdef __cplusplus
| extern "C"
| #endif
| char pcreposix_regcomp ();
| int
| main ()
| {
| return pcreposix_regcomp ();
|   ;
|   return 0;
| }
configure:5921: result: no
configure:5945: checking for mad_stream_init in -lmad
configure:5970: arm-linux-androideabi-gcc -o conftest -g -O2 -Wall -Wextra -Wno-missing-field-initializers -Wwrite-strings -Wundef -Wbad-function-cast -Wcast-align -Wcast-qual -Wdeclaration-after-statement -Wpointer-arith -ffast-math -Wno-unused -Wno-switch -Wno-sign-compare -Wno-pointer-sign -O2 -fomit-frame-pointer -I$(top_srcdir)/src -I/platforms/android-14/arch-arm/usr/include  conftest.c -lmad  -lm  >&5
/Users/jackiegleason/toolchain/bin/../lib/gcc/arm-linux-androideabi/4.6/../../../../arm-linux-androideabi/bin/ld: error: cannot find -lmad
/Users/jackiegleason/toolchain/bin/../lib/gcc/arm-linux-androideabi/4.6/../../../../arm-linux-androideabi/bin/ld: /var/folders/2q/_h54_8112ng20_3gr39fgv7c0000gn/T//ccSKqvEL.o: in function main:conftest.c:53: error: undefined reference to 'mad_stream_init'
collect2: ld returned 1 exit status
configure:5970: $? = 1
configure: failed program was:
| /* confdefs.h */
| #define PACKAGE_NAME "PrBoom-Plus"
| #define PACKAGE_TARNAME "prboom-plus"
| #define PACKAGE_VERSION "2.5.1.4"
| #define PACKAGE_STRING "PrBoom-Plus 2.5.1.4"
| #define PACKAGE_BUGREPORT ""
| #define PACKAGE_URL ""
| #define PACKAGE "prboom-plus"
| #define VERSION "2.5.1.4"
| #define DOOMWADDIR "/sdcard/doom/share/games/doom"
| #define STDC_HEADERS 1
| #define HAVE_SYS_TYPES_H 1
| #define HAVE_SYS_STAT_H 1
| #define HAVE_STDLIB_H 1
| #define HAVE_STRING_H 1
| #define HAVE_MEMORY_H 1
| #define HAVE_STRINGS_H 1
| #define HAVE_INTTYPES_H 1
| #define HAVE_STDINT_H 1
| #define HAVE_UNISTD_H 1
| #define __EXTENSIONS__ 1
| #define _ALL_SOURCE 1
| #define _GNU_SOURCE 1
| #define _POSIX_PTHREAD_SEMANTICS 1
| #define _TANDEM_SOURCE 1
| #define PACKEDATTR __attribute__((packed))
| #define HAVE_DECL_SYS_SIGLIST 1
| #define HAVE_SYS_WAIT_H 1
| #define HAVE_UNISTD_H 1
| #define HAVE_ASM_BYTEORDER_H 1
| #define HAVE_SCHED_H 1
| #define stricmp strcasecmp
| #define strnicmp strncasecmp
| #define HAVE_GETOPT 1
| #define HAVE_INET_ATON 1
| #define HAVE_INET_PTON 1
| #define HAVE_INET_NTOP 1
| #define HAVE_MMAP 1
| #define HAVE_USLEEP 1
| #define HAVE_LIBM 1
| /* end confdefs.h.  */
| 
| /* Override any GCC internal prototype to avoid an error.
|    Use char because int might match the return type of a GCC
|    builtin and then its argument prototype would still apply.  */
| #ifdef __cplusplus
| extern "C"
| #endif
| char mad_stream_init ();
| int
| main ()
| {
| return mad_stream_init ();
|   ;
|   return 0;
| }
configure:5979: result: no
configure:6001: checking for new_fluid_synth in -lfluidsynth
configure:6026: arm-linux-androideabi-gcc -o conftest -g -O2 -Wall -Wextra -Wno-missing-field-initializers -Wwrite-strings -Wundef -Wbad-function-cast -Wcast-align -Wcast-qual -Wdeclaration-after-statement -Wpointer-arith -ffast-math -Wno-unused -Wno-switch -Wno-sign-compare -Wno-pointer-sign -O2 -fomit-frame-pointer -I$(top_srcdir)/src -I/platforms/android-14/arch-arm/usr/include  conftest.c -lfluidsynth  -lm  >&5
/Users/jackiegleason/toolchain/bin/../lib/gcc/arm-linux-androideabi/4.6/../../../../arm-linux-androideabi/bin/ld: error: cannot find -lfluidsynth
/Users/jackiegleason/toolchain/bin/../lib/gcc/arm-linux-androideabi/4.6/../../../../arm-linux-androideabi/bin/ld: /var/folders/2q/_h54_8112ng20_3gr39fgv7c0000gn/T//ccHk1nHP.o: in function main:conftest.c:53: error: undefined reference to 'new_fluid_synth'
collect2: ld returned 1 exit status
configure:6026: $? = 1
configure: failed program was:
| /* confdefs.h */
| #define PACKAGE_NAME "PrBoom-Plus"
| #define PACKAGE_TARNAME "prboom-plus"
| #define PACKAGE_VERSION "2.5.1.4"
| #define PACKAGE_STRING "PrBoom-Plus 2.5.1.4"
| #define PACKAGE_BUGREPORT ""
| #define PACKAGE_URL ""
| #define PACKAGE "prboom-plus"
| #define VERSION "2.5.1.4"
| #define DOOMWADDIR "/sdcard/doom/share/games/doom"
| #define STDC_HEADERS 1
| #define HAVE_SYS_TYPES_H 1
| #define HAVE_SYS_STAT_H 1
| #define HAVE_STDLIB_H 1
| #define HAVE_STRING_H 1
| #define HAVE_MEMORY_H 1
| #define HAVE_STRINGS_H 1
| #define HAVE_INTTYPES_H 1
| #define HAVE_STDINT_H 1
| #define HAVE_UNISTD_H 1
| #define __EXTENSIONS__ 1
| #define _ALL_SOURCE 1
| #define _GNU_SOURCE 1
| #define _POSIX_PTHREAD_SEMANTICS 1
| #define _TANDEM_SOURCE 1
| #define PACKEDATTR __attribute__((packed))
| #define HAVE_DECL_SYS_SIGLIST 1
| #define HAVE_SYS_WAIT_H 1
| #define HAVE_UNISTD_H 1
| #define HAVE_ASM_BYTEORDER_H 1
| #define HAVE_SCHED_H 1
| #define stricmp strcasecmp
| #define strnicmp strncasecmp
| #define HAVE_GETOPT 1
| #define HAVE_INET_ATON 1
| #define HAVE_INET_PTON 1
| #define HAVE_INET_NTOP 1
| #define HAVE_MMAP 1
| #define HAVE_USLEEP 1
| #define HAVE_LIBM 1
| /* end confdefs.h.  */
| 
| /* Override any GCC internal prototype to avoid an error.
|    Use char because int might match the return type of a GCC
|    builtin and then its argument prototype would still apply.  */
| #ifdef __cplusplus
| extern "C"
| #endif
| char new_fluid_synth ();
| int
| main ()
| {
| return new_fluid_synth ();
|   ;
|   return 0;
| }
configure:6035: result: no
configure:6057: checking for dumbfile_open in -ldumb
configure:6082: arm-linux-androideabi-gcc -o conftest -g -O2 -Wall -Wextra -Wno-missing-field-initializers -Wwrite-strings -Wundef -Wbad-function-cast -Wcast-align -Wcast-qual -Wdeclaration-after-statement -Wpointer-arith -ffast-math -Wno-unused -Wno-switch -Wno-sign-compare -Wno-pointer-sign -O2 -fomit-frame-pointer -I$(top_srcdir)/src -I/platforms/android-14/arch-arm/usr/include  conftest.c -ldumb  -lm  >&5
/Users/jackiegleason/toolchain/bin/../lib/gcc/arm-linux-androideabi/4.6/../../../../arm-linux-androideabi/bin/ld: error: cannot find -ldumb
/Users/jackiegleason/toolchain/bin/../lib/gcc/arm-linux-androideabi/4.6/../../../../arm-linux-androideabi/bin/ld: /var/folders/2q/_h54_8112ng20_3gr39fgv7c0000gn/T//cccnPbub.o: in function main:conftest.c:53: error: undefined reference to 'dumbfile_open'
collect2: ld returned 1 exit status
configure:6082: $? = 1
configure: failed program was:
| /* confdefs.h */
| #define PACKAGE_NAME "PrBoom-Plus"
| #define PACKAGE_TARNAME "prboom-plus"
| #define PACKAGE_VERSION "2.5.1.4"
| #define PACKAGE_STRING "PrBoom-Plus 2.5.1.4"
| #define PACKAGE_BUGREPORT ""
| #define PACKAGE_URL ""
| #define PACKAGE "prboom-plus"
| #define VERSION "2.5.1.4"
| #define DOOMWADDIR "/sdcard/doom/share/games/doom"
| #define STDC_HEADERS 1
| #define HAVE_SYS_TYPES_H 1
| #define HAVE_SYS_STAT_H 1
| #define HAVE_STDLIB_H 1
| #define HAVE_STRING_H 1
| #define HAVE_MEMORY_H 1
| #define HAVE_STRINGS_H 1
| #define HAVE_INTTYPES_H 1
| #define HAVE_STDINT_H 1
| #define HAVE_UNISTD_H 1
| #define __EXTENSIONS__ 1
| #define _ALL_SOURCE 1
| #define _GNU_SOURCE 1
| #define _POSIX_PTHREAD_SEMANTICS 1
| #define _TANDEM_SOURCE 1
| #define PACKEDATTR __attribute__((packed))
| #define HAVE_DECL_SYS_SIGLIST 1
| #define HAVE_SYS_WAIT_H 1
| #define HAVE_UNISTD_H 1
| #define HAVE_ASM_BYTEORDER_H 1
| #define HAVE_SCHED_H 1
| #define stricmp strcasecmp
| #define strnicmp strncasecmp
| #define HAVE_GETOPT 1
| #define HAVE_INET_ATON 1
| #define HAVE_INET_PTON 1
| #define HAVE_INET_NTOP 1
| #define HAVE_MMAP 1
| #define HAVE_USLEEP 1
| #define HAVE_LIBM 1
| /* end confdefs.h.  */
| 
| /* Override any GCC internal prototype to avoid an error.
|    Use char because int might match the return type of a GCC
|    builtin and then its argument prototype would still apply.  */
| #ifdef __cplusplus
| extern "C"
| #endif
| char dumbfile_open ();
| int
| main ()
| {
| return dumbfile_open ();
|   ;
|   return 0;
| }
configure:6091: result: no
configure:6113: checking for ov_test_callbacks in -lvorbisfile
configure:6138: arm-linux-androideabi-gcc -o conftest -g -O2 -Wall -Wextra -Wno-missing-field-initializers -Wwrite-strings -Wundef -Wbad-function-cast -Wcast-align -Wcast-qual -Wdeclaration-after-statement -Wpointer-arith -ffast-math -Wno-unused -Wno-switch -Wno-sign-compare -Wno-pointer-sign -O2 -fomit-frame-pointer -I$(top_srcdir)/src -I/platforms/android-14/arch-arm/usr/include  conftest.c -lvorbisfile -logg -lvorbis -lm  >&5
/Users/jackiegleason/toolchain/bin/../lib/gcc/arm-linux-androideabi/4.6/../../../../arm-linux-androideabi/bin/ld: error: cannot find -lvorbisfile
/Users/jackiegleason/toolchain/bin/../lib/gcc/arm-linux-androideabi/4.6/../../../../arm-linux-androideabi/bin/ld: error: cannot find -logg
/Users/jackiegleason/toolchain/bin/../lib/gcc/arm-linux-androideabi/4.6/../../../../arm-linux-androideabi/bin/ld: error: cannot find -lvorbis
/Users/jackiegleason/toolchain/bin/../lib/gcc/arm-linux-androideabi/4.6/../../../../arm-linux-androideabi/bin/ld: /var/folders/2q/_h54_8112ng20_3gr39fgv7c0000gn/T//cc97omxJ.o: in function main:conftest.c:53: error: undefined reference to 'ov_test_callbacks'
collect2: ld returned 1 exit status
configure:6138: $? = 1
configure: failed program was:
| /* confdefs.h */
| #define PACKAGE_NAME "PrBoom-Plus"
| #define PACKAGE_TARNAME "prboom-plus"
| #define PACKAGE_VERSION "2.5.1.4"
| #define PACKAGE_STRING "PrBoom-Plus 2.5.1.4"
| #define PACKAGE_BUGREPORT ""
| #define PACKAGE_URL ""
| #define PACKAGE "prboom-plus"
| #define VERSION "2.5.1.4"
| #define DOOMWADDIR "/sdcard/doom/share/games/doom"
| #define STDC_HEADERS 1
| #define HAVE_SYS_TYPES_H 1
| #define HAVE_SYS_STAT_H 1
| #define HAVE_STDLIB_H 1
| #define HAVE_STRING_H 1
| #define HAVE_MEMORY_H 1
| #define HAVE_STRINGS_H 1
| #define HAVE_INTTYPES_H 1
| #define HAVE_STDINT_H 1
| #define HAVE_UNISTD_H 1
| #define __EXTENSIONS__ 1
| #define _ALL_SOURCE 1
| #define _GNU_SOURCE 1
| #define _POSIX_PTHREAD_SEMANTICS 1
| #define _TANDEM_SOURCE 1
| #define PACKEDATTR __attribute__((packed))
| #define HAVE_DECL_SYS_SIGLIST 1
| #define HAVE_SYS_WAIT_H 1
| #define HAVE_UNISTD_H 1
| #define HAVE_ASM_BYTEORDER_H 1
| #define HAVE_SCHED_H 1
| #define stricmp strcasecmp
| #define strnicmp strncasecmp
| #define HAVE_GETOPT 1
| #define HAVE_INET_ATON 1
| #define HAVE_INET_PTON 1
| #define HAVE_INET_NTOP 1
| #define HAVE_MMAP 1
| #define HAVE_USLEEP 1
| #define HAVE_LIBM 1
| /* end confdefs.h.  */
| 
| /* Override any GCC internal prototype to avoid an error.
|    Use char because int might match the return type of a GCC
|    builtin and then its argument prototype would still apply.  */
| #ifdef __cplusplus
| extern "C"
| #endif
| char ov_test_callbacks ();
| int
| main ()
| {
| return ov_test_callbacks ();
|   ;
|   return 0;
| }
configure:6147: result: no
configure:6169: checking for Pt_Time in -lporttime
configure:6194: arm-linux-androideabi-gcc -o conftest -g -O2 -Wall -Wextra -Wno-missing-field-initializers -Wwrite-strings -Wundef -Wbad-function-cast -Wcast-align -Wcast-qual -Wdeclaration-after-statement -Wpointer-arith -ffast-math -Wno-unused -Wno-switch -Wno-sign-compare -Wno-pointer-sign -O2 -fomit-frame-pointer -I$(top_srcdir)/src -I/platforms/android-14/arch-arm/usr/include  conftest.c -lporttime  -lm  >&5
/Users/jackiegleason/toolchain/bin/../lib/gcc/arm-linux-androideabi/4.6/../../../../arm-linux-androideabi/bin/ld: error: cannot find -lporttime
/Users/jackiegleason/toolchain/bin/../lib/gcc/arm-linux-androideabi/4.6/../../../../arm-linux-androideabi/bin/ld: /var/folders/2q/_h54_8112ng20_3gr39fgv7c0000gn/T//ccoye6C1.o: in function main:conftest.c:53: error: undefined reference to 'Pt_Time'
collect2: ld returned 1 exit status
configure:6194: $? = 1
configure: failed program was:
| /* confdefs.h */
| #define PACKAGE_NAME "PrBoom-Plus"
| #define PACKAGE_TARNAME "prboom-plus"
| #define PACKAGE_VERSION "2.5.1.4"
| #define PACKAGE_STRING "PrBoom-Plus 2.5.1.4"
| #define PACKAGE_BUGREPORT ""
| #define PACKAGE_URL ""
| #define PACKAGE "prboom-plus"
| #define VERSION "2.5.1.4"
| #define DOOMWADDIR "/sdcard/doom/share/games/doom"
| #define STDC_HEADERS 1
| #define HAVE_SYS_TYPES_H 1
| #define HAVE_SYS_STAT_H 1
| #define HAVE_STDLIB_H 1
| #define HAVE_STRING_H 1
| #define HAVE_MEMORY_H 1
| #define HAVE_STRINGS_H 1
| #define HAVE_INTTYPES_H 1
| #define HAVE_STDINT_H 1
| #define HAVE_UNISTD_H 1
| #define __EXTENSIONS__ 1
| #define _ALL_SOURCE 1
| #define _GNU_SOURCE 1
| #define _POSIX_PTHREAD_SEMANTICS 1
| #define _TANDEM_SOURCE 1
| #define PACKEDATTR __attribute__((packed))
| #define HAVE_DECL_SYS_SIGLIST 1
| #define HAVE_SYS_WAIT_H 1
| #define HAVE_UNISTD_H 1
| #define HAVE_ASM_BYTEORDER_H 1
| #define HAVE_SCHED_H 1
| #define stricmp strcasecmp
| #define strnicmp strncasecmp
| #define HAVE_GETOPT 1
| #define HAVE_INET_ATON 1
| #define HAVE_INET_PTON 1
| #define HAVE_INET_NTOP 1
| #define HAVE_MMAP 1
| #define HAVE_USLEEP 1
| #define HAVE_LIBM 1
| /* end confdefs.h.  */
| 
| /* Override any GCC internal prototype to avoid an error.
|    Use char because int might match the return type of a GCC
|    builtin and then its argument prototype would still apply.  */
| #ifdef __cplusplus
| extern "C"
| #endif
| char Pt_Time ();
| int
| main ()
| {
| return Pt_Time ();
|   ;
|   return 0;
| }
configure:6203: result: no
configure:6209: checking for Pm_OpenInput in -lportmidi
configure:6234: arm-linux-androideabi-gcc -o conftest -g -O2 -Wall -Wextra -Wno-missing-field-initializers -Wwrite-strings -Wundef -Wbad-function-cast -Wcast-align -Wcast-qual -Wdeclaration-after-statement -Wpointer-arith -ffast-math -Wno-unused -Wno-switch -Wno-sign-compare -Wno-pointer-sign -O2 -fomit-frame-pointer -I$(top_srcdir)/src -I/platforms/android-14/arch-arm/usr/include  conftest.c -lportmidi  -lm  >&5
/Users/jackiegleason/toolchain/bin/../lib/gcc/arm-linux-androideabi/4.6/../../../../arm-linux-androideabi/bin/ld: error: cannot find -lportmidi
/Users/jackiegleason/toolchain/bin/../lib/gcc/arm-linux-androideabi/4.6/../../../../arm-linux-androideabi/bin/ld: /var/folders/2q/_h54_8112ng20_3gr39fgv7c0000gn/T//ccv1qHeZ.o: in function main:conftest.c:53: error: undefined reference to 'Pm_OpenInput'
collect2: ld returned 1 exit status
configure:6234: $? = 1
configure: failed program was:
| /* confdefs.h */
| #define PACKAGE_NAME "PrBoom-Plus"
| #define PACKAGE_TARNAME "prboom-plus"
| #define PACKAGE_VERSION "2.5.1.4"
| #define PACKAGE_STRING "PrBoom-Plus 2.5.1.4"
| #define PACKAGE_BUGREPORT ""
| #define PACKAGE_URL ""
| #define PACKAGE "prboom-plus"
| #define VERSION "2.5.1.4"
| #define DOOMWADDIR "/sdcard/doom/share/games/doom"
| #define STDC_HEADERS 1
| #define HAVE_SYS_TYPES_H 1
| #define HAVE_SYS_STAT_H 1
| #define HAVE_STDLIB_H 1
| #define HAVE_STRING_H 1
| #define HAVE_MEMORY_H 1
| #define HAVE_STRINGS_H 1
| #define HAVE_INTTYPES_H 1
| #define HAVE_STDINT_H 1
| #define HAVE_UNISTD_H 1
| #define __EXTENSIONS__ 1
| #define _ALL_SOURCE 1
| #define _GNU_SOURCE 1
| #define _POSIX_PTHREAD_SEMANTICS 1
| #define _TANDEM_SOURCE 1
| #define PACKEDATTR __attribute__((packed))
| #define HAVE_DECL_SYS_SIGLIST 1
| #define HAVE_SYS_WAIT_H 1
| #define HAVE_UNISTD_H 1
| #define HAVE_ASM_BYTEORDER_H 1
| #define HAVE_SCHED_H 1
| #define stricmp strcasecmp
| #define strnicmp strncasecmp
| #define HAVE_GETOPT 1
| #define HAVE_INET_ATON 1
| #define HAVE_INET_PTON 1
| #define HAVE_INET_NTOP 1
| #define HAVE_MMAP 1
| #define HAVE_USLEEP 1
| #define HAVE_LIBM 1
| /* end confdefs.h.  */
| 
| /* Override any GCC internal prototype to avoid an error.
|    Use char because int might match the return type of a GCC
|    builtin and then its argument prototype would still apply.  */
| #ifdef __cplusplus
| extern "C"
| #endif
| char Pm_OpenInput ();
| int
| main ()
| {
| return Pm_OpenInput ();
|   ;
|   return 0;
| }
configure:6243: result: no
configure:6265: checking for IMG_Load in -lSDL_image
configure:6290: arm-linux-androideabi-gcc -o conftest -g -O2 -Wall -Wextra -Wno-missing-field-initializers -Wwrite-strings -Wundef -Wbad-function-cast -Wcast-align -Wcast-qual -Wdeclaration-after-statement -Wpointer-arith -ffast-math -Wno-unused -Wno-switch -Wno-sign-compare -Wno-pointer-sign -O2 -fomit-frame-pointer -I$(top_srcdir)/src -I/platforms/android-14/arch-arm/usr/include  conftest.c -lSDL_image  -lm  >&5
/Users/jackiegleason/toolchain/bin/../lib/gcc/arm-linux-androideabi/4.6/../../../../arm-linux-androideabi/bin/ld: error: cannot find -lSDL_image
/Users/jackiegleason/toolchain/bin/../lib/gcc/arm-linux-androideabi/4.6/../../../../arm-linux-androideabi/bin/ld: /var/folders/2q/_h54_8112ng20_3gr39fgv7c0000gn/T//cckw2foW.o: in function main:conftest.c:53: error: undefined reference to 'IMG_Load'
collect2: ld returned 1 exit status
configure:6290: $? = 1
configure: failed program was:
| /* confdefs.h */
| #define PACKAGE_NAME "PrBoom-Plus"
| #define PACKAGE_TARNAME "prboom-plus"
| #define PACKAGE_VERSION "2.5.1.4"
| #define PACKAGE_STRING "PrBoom-Plus 2.5.1.4"
| #define PACKAGE_BUGREPORT ""
| #define PACKAGE_URL ""
| #define PACKAGE "prboom-plus"
| #define VERSION "2.5.1.4"
| #define DOOMWADDIR "/sdcard/doom/share/games/doom"
| #define STDC_HEADERS 1
| #define HAVE_SYS_TYPES_H 1
| #define HAVE_SYS_STAT_H 1
| #define HAVE_STDLIB_H 1
| #define HAVE_STRING_H 1
| #define HAVE_MEMORY_H 1
| #define HAVE_STRINGS_H 1
| #define HAVE_INTTYPES_H 1
| #define HAVE_STDINT_H 1
| #define HAVE_UNISTD_H 1
| #define __EXTENSIONS__ 1
| #define _ALL_SOURCE 1
| #define _GNU_SOURCE 1
| #define _POSIX_PTHREAD_SEMANTICS 1
| #define _TANDEM_SOURCE 1
| #define PACKEDATTR __attribute__((packed))
| #define HAVE_DECL_SYS_SIGLIST 1
| #define HAVE_SYS_WAIT_H 1
| #define HAVE_UNISTD_H 1
| #define HAVE_ASM_BYTEORDER_H 1
| #define HAVE_SCHED_H 1
| #define stricmp strcasecmp
| #define strnicmp strncasecmp
| #define HAVE_GETOPT 1
| #define HAVE_INET_ATON 1
| #define HAVE_INET_PTON 1
| #define HAVE_INET_NTOP 1
| #define HAVE_MMAP 1
| #define HAVE_USLEEP 1
| #define HAVE_LIBM 1
| /* end confdefs.h.  */
| 
| /* Override any GCC internal prototype to avoid an error.
|    Use char because int might match the return type of a GCC
|    builtin and then its argument prototype would still apply.  */
| #ifdef __cplusplus
| extern "C"
| #endif
| char IMG_Load ();
| int
| main ()
| {
| return IMG_Load ();
|   ;
|   return 0;
| }
configure:6299: result: no
configure:6321: checking for png_create_info_struct in -lpng
configure:6346: arm-linux-androideabi-gcc -o conftest -g -O2 -Wall -Wextra -Wno-missing-field-initializers -Wwrite-strings -Wundef -Wbad-function-cast -Wcast-align -Wcast-qual -Wdeclaration-after-statement -Wpointer-arith -ffast-math -Wno-unused -Wno-switch -Wno-sign-compare -Wno-pointer-sign -O2 -fomit-frame-pointer -I$(top_srcdir)/src -I/platforms/android-14/arch-arm/usr/include  conftest.c -lpng  -lm  >&5
/Users/jackiegleason/toolchain/bin/../lib/gcc/arm-linux-androideabi/4.6/../../../../arm-linux-androideabi/bin/ld: error: cannot find -lpng
/Users/jackiegleason/toolchain/bin/../lib/gcc/arm-linux-androideabi/4.6/../../../../arm-linux-androideabi/bin/ld: /var/folders/2q/_h54_8112ng20_3gr39fgv7c0000gn/T//ccYr7mVg.o: in function main:conftest.c:53: error: undefined reference to 'png_create_info_struct'
collect2: ld returned 1 exit status
configure:6346: $? = 1
configure: failed program was:
| /* confdefs.h */
| #define PACKAGE_NAME "PrBoom-Plus"
| #define PACKAGE_TARNAME "prboom-plus"
| #define PACKAGE_VERSION "2.5.1.4"
| #define PACKAGE_STRING "PrBoom-Plus 2.5.1.4"
| #define PACKAGE_BUGREPORT ""
| #define PACKAGE_URL ""
| #define PACKAGE "prboom-plus"
| #define VERSION "2.5.1.4"
| #define DOOMWADDIR "/sdcard/doom/share/games/doom"
| #define STDC_HEADERS 1
| #define HAVE_SYS_TYPES_H 1
| #define HAVE_SYS_STAT_H 1
| #define HAVE_STDLIB_H 1
| #define HAVE_STRING_H 1
| #define HAVE_MEMORY_H 1
| #define HAVE_STRINGS_H 1
| #define HAVE_INTTYPES_H 1
| #define HAVE_STDINT_H 1
| #define HAVE_UNISTD_H 1
| #define __EXTENSIONS__ 1
| #define _ALL_SOURCE 1
| #define _GNU_SOURCE 1
| #define _POSIX_PTHREAD_SEMANTICS 1
| #define _TANDEM_SOURCE 1
| #define PACKEDATTR __attribute__((packed))
| #define HAVE_DECL_SYS_SIGLIST 1
| #define HAVE_SYS_WAIT_H 1
| #define HAVE_UNISTD_H 1
| #define HAVE_ASM_BYTEORDER_H 1
| #define HAVE_SCHED_H 1
| #define stricmp strcasecmp
| #define strnicmp strncasecmp
| #define HAVE_GETOPT 1
| #define HAVE_INET_ATON 1
| #define HAVE_INET_PTON 1
| #define HAVE_INET_NTOP 1
| #define HAVE_MMAP 1
| #define HAVE_USLEEP 1
| #define HAVE_LIBM 1
| /* end confdefs.h.  */
| 
| /* Override any GCC internal prototype to avoid an error.
|    Use char because int might match the return type of a GCC
|    builtin and then its argument prototype would still apply.  */
| #ifdef __cplusplus
| extern "C"
| #endif
| char png_create_info_struct ();
| int
| main ()
| {
| return png_create_info_struct ();
|   ;
|   return 0;
| }
configure:6355: result: no
configure:6624: creating ./config.status

## ---------------------- ##
## Running config.status. ##
## ---------------------- ##

This file was extended by PrBoom-Plus config.status 2.5.1.4, which was
generated by GNU Autoconf 2.65.  Invocation command line was

  CONFIG_FILES    = 
  CONFIG_HEADERS  = 
  CONFIG_LINKS    = 
  CONFIG_COMMANDS = 
  $ ./config.status 

on Jackies-MacBook-Pro.local

config.status:930: creating Makefile
config.status:930: creating src/Makefile
config.status:930: creating src/POSIX/Makefile
config.status:930: creating src/SDL/Makefile
config.status:930: creating src/MAC/Makefile
config.status:930: creating src/PCSOUND/Makefile
config.status:930: creating src/TEXTSCREEN/Makefile
config.status:930: creating src/MUSIC/Makefile
config.status:930: creating doc/Makefile
config.status:930: creating data/Makefile
config.status:930: creating ICONS/Makefile
config.status:930: creating VisualC6/Makefile
config.status:930: creating VisualC8/Makefile
config.status:930: creating VisualC9/Makefile
config.status:930: creating prboom.spec
config.status:930: creating config.h
config.status:1150: executing depfiles commands
configure:7946: WARNING: unrecognized options: --disable-nls

## ---------------- ##
## Cache variables. ##
## ---------------- ##

ac_cv_build=i386-apple-darwin12.4.0
ac_cv_c_compiler_gnu=yes
ac_cv_c_const=yes
ac_cv_c_inline=inline
ac_cv_env_CC_set=set
ac_cv_env_CC_value=arm-linux-androideabi-gcc
ac_cv_env_CFLAGS_set=
ac_cv_env_CFLAGS_value=
ac_cv_env_CPPFLAGS_set=set
ac_cv_env_CPPFLAGS_value=-I/platforms/android-14/arch-arm/usr/include
ac_cv_env_CPP_set=
ac_cv_env_CPP_value=
ac_cv_env_LDFLAGS_set=
ac_cv_env_LDFLAGS_value=
ac_cv_env_LIBS_set=
ac_cv_env_LIBS_value=
ac_cv_env_build_alias_set=
ac_cv_env_build_alias_value=
ac_cv_env_host_alias_set=set
ac_cv_env_host_alias_value=arm-linux
ac_cv_env_target_alias_set=
ac_cv_env_target_alias_value=
ac_cv_func_SDL_JoystickGetAxis=no
ac_cv_func_getopt=yes
ac_cv_func_inet_aton=yes
ac_cv_func_inet_ntop=yes
ac_cv_func_inet_pton=yes
ac_cv_func_max=no
ac_cv_func_min=no
ac_cv_func_mmap=yes
ac_cv_func_sched_setaffinity=no
ac_cv_func_stricmp=no
ac_cv_func_strnicmp=no
ac_cv_func_usleep=yes
ac_cv_have_decl_sys_siglist=yes
ac_cv_header_asm_byteorder_h=yes
ac_cv_header_inttypes_h=yes
ac_cv_header_memory_h=yes
ac_cv_header_minix_config_h=no
ac_cv_header_sched_h=yes
ac_cv_header_stdc=yes
ac_cv_header_stdint_h=yes
ac_cv_header_stdlib_h=yes
ac_cv_header_string_h=yes
ac_cv_header_strings_h=yes
ac_cv_header_sys_stat_h=yes
ac_cv_header_sys_types_h=yes
ac_cv_header_sys_wait_h=yes
ac_cv_header_unistd_h=yes
ac_cv_host=arm-unknown-linux-gnu
ac_cv_lib_SDL_image_IMG_Load=no
ac_cv_lib_SDL_mixer_Mix_OpenAudio=no
ac_cv_lib_SDL_net_SDLNet_UDP_Bind=no
ac_cv_lib_dumb_dumbfile_open=no
ac_cv_lib_fluidsynth_new_fluid_synth=no
ac_cv_lib_m_pow=yes
ac_cv_lib_mad_mad_stream_init=no
ac_cv_lib_pcreposix_pcreposix_regcomp=no
ac_cv_lib_png_png_create_info_struct=no
ac_cv_lib_portmidi_Pm_OpenInput=no
ac_cv_lib_porttime_Pt_Time=no
ac_cv_lib_vorbisfile_ov_test_callbacks=no
ac_cv_objext=o
ac_cv_path_EGREP='/usr/bin/grep -E'
ac_cv_path_GREP=/usr/bin/grep
ac_cv_path_SDL_CONFIG=/usr/local/bin/sdl-config
ac_cv_path_install='/usr/bin/install -c'
ac_cv_prog_AWK=awk
ac_cv_prog_CC=arm-linux-androideabi-gcc
ac_cv_prog_CPP='arm-linux-androideabi-gcc -E'
ac_cv_prog_ac_ct_RANLIB=ranlib
ac_cv_prog_ac_ct_STRIP=strip
ac_cv_prog_cc_c89=
ac_cv_prog_cc_g=yes
ac_cv_prog_make_make_set=yes
ac_cv_safe_to_define___extensions__=yes
ac_cv_target=arm-unknown-linux-gnu
ac_cv_type_size_t=yes
ac_cv_type_uid_t=yes
am_cv_CC_dependencies_compiler_type=gcc3

## ----------------- ##
## Output variables. ##
## ----------------- ##

ACLOCAL='${SHELL} /Users/jackiegleason/Development/porting/ported/doom/prboom2/autotools/missing --run aclocal-1.11'
AMDEPBACKSLASH='\'
AMDEP_FALSE='#'
AMDEP_TRUE=''
AMTAR='${SHELL} /Users/jackiegleason/Development/porting/ported/doom/prboom2/autotools/missing --run tar'
AM_BACKSLASH='\'
AM_DEFAULT_VERBOSITY='0'
AUTOCONF='${SHELL} /Users/jackiegleason/Development/porting/ported/doom/prboom2/autotools/missing --run autoconf'
AUTOHEADER='${SHELL} /Users/jackiegleason/Development/porting/ported/doom/prboom2/autotools/missing --run autoheader'
AUTOMAKE='${SHELL} /Users/jackiegleason/Development/porting/ported/doom/prboom2/autotools/missing --run automake-1.11'
AWK='awk'
BUILD_GL_FALSE=''
BUILD_GL_TRUE='#'
BUILD_SERVER_FALSE=''
BUILD_SERVER_TRUE='#'
CC='arm-linux-androideabi-gcc'
CCDEPMODE='depmode=gcc3'
CFLAGS='-g -O2 -Wall -Wextra -Wno-missing-field-initializers -Wwrite-strings -Wundef -Wbad-function-cast -Wcast-align -Wcast-qual -Wdeclaration-after-statement -Wpointer-arith -ffast-math -Wno-unused -Wno-switch -Wno-sign-compare -Wno-pointer-sign -O2 -fomit-frame-pointer -I$(top_srcdir)/src'
CPP='arm-linux-androideabi-gcc -E'
CPPFLAGS='-I/platforms/android-14/arch-arm/usr/include'
CYGPATH_W='echo'
DEFS='-DHAVE_CONFIG_H'
DEPDIR='.deps'
DOGS_FALSE='#'
DOGS_TRUE=''
DOOMWADDIR='/sdcard/doom/share/games/doom'
ECHO_C='\c'
ECHO_N=''
ECHO_T=''
EGREP='/usr/bin/grep -E'
EXEEXT=''
GL_LIBS=''
GREP='/usr/bin/grep'
INSTALL_DATA='${INSTALL} -m 644'
INSTALL_PROGRAM='${INSTALL}'
INSTALL_SCRIPT='${INSTALL}'
INSTALL_STRIP_PROGRAM='$(install_sh) -c -s'
LDFLAGS=''
LIBOBJS=''
LIBS='-lm '
LN_S='ln -s'
LTLIBOBJS=''
MAINT=''
MAINTAINER_MODE_FALSE='#'
MAINTAINER_MODE_TRUE=''
MAKEINFO='${SHELL} /Users/jackiegleason/Development/porting/ported/doom/prboom2/autotools/missing --run makeinfo'
MATH_LIB=''
MIXER_CFLAGS=''
MIXER_LIBS=''
MKDIR_P='autotools/install-sh -c -d'
NET_CFLAGS=''
NET_LIBS=''
NONFREE_GRAPHICS_FALSE='#'
NONFREE_GRAPHICS_TRUE=''
OBJEXT='o'
PACKAGE='prboom-plus'
PACKAGE_BUGREPORT=''
PACKAGE_NAME='PrBoom-Plus'
PACKAGE_STRING='PrBoom-Plus 2.5.1.4'
PACKAGE_TARNAME='prboom-plus'
PACKAGE_URL=''
PACKAGE_VERSION='2.5.1.4'
PATH_SEPARATOR=':'
RANLIB='ranlib'
SDL_CFLAGS='-I/usr/local/include/SDL -D_GNU_SOURCE=1 -D_THREAD_SAFE'
SDL_CONFIG='/usr/local/bin/sdl-config'
SDL_LIBS='-L/usr/local/lib -lSDLmain -lSDL -Wl,-framework,Cocoa'
SET_MAKE=''
SHELL='/bin/sh'
STRIP='strip'
VERSION='2.5.1.4'
WAD_MMAP_FALSE='#'
WAD_MMAP_TRUE=''
ac_ct_CC=''
am__EXEEXT_FALSE=''
am__EXEEXT_TRUE='#'
am__fastdepCC_FALSE='#'
am__fastdepCC_TRUE=''
am__include='include'
am__isrc=''
am__leading_dot='.'
am__quote=''
am__tar='${AMTAR} chof - "$$tardir"'
am__untar='${AMTAR} xf -'
bindir='${exec_prefix}/bin'
build='i386-apple-darwin12.4.0'
build_alias=''
build_cpu='i386'
build_os='darwin12.4.0'
build_vendor='apple'
datadir='${datarootdir}'
datarootdir='${prefix}/share'
docdir='${datarootdir}/doc/${PACKAGE_TARNAME}'
dvidir='${docdir}'
exec_prefix='${prefix}'
host='arm-unknown-linux-gnu'
host_alias='arm-linux'
host_cpu='arm'
host_os='linux-gnu'
host_vendor='unknown'
htmldir='${docdir}'
includedir='${prefix}/include'
infodir='${datarootdir}/info'
install_sh='${SHELL} /Users/jackiegleason/Development/porting/ported/doom/prboom2/autotools/install-sh'
libdir='${exec_prefix}/lib'
libexecdir='${exec_prefix}/libexec'
localedir='${datarootdir}/locale'
localstatedir='${prefix}/var'
mandir='${datarootdir}/man'
mkdir_p='$(top_builddir)/autotools/install-sh -c -d'
oldincludedir='/usr/include'
pdfdir='${docdir}'
prefix='/sdcard/doom'
program_transform_name='s,x,x,'
psdir='${docdir}'
sbindir='${exec_prefix}/sbin'
sharedstatedir='${prefix}/com'
sysconfdir='${prefix}/etc'
target='arm-unknown-linux-gnu'
target_alias=''
target_cpu='arm'
target_os='linux-gnu'
target_vendor='unknown'

## ----------- ##
## confdefs.h. ##
## ----------- ##

/* confdefs.h */
#define PACKAGE_NAME "PrBoom-Plus"
#define PACKAGE_TARNAME "prboom-plus"
#define PACKAGE_VERSION "2.5.1.4"
#define PACKAGE_STRING "PrBoom-Plus 2.5.1.4"
#define PACKAGE_BUGREPORT ""
#define PACKAGE_URL ""
#define PACKAGE "prboom-plus"
#define VERSION "2.5.1.4"
#define DOOMWADDIR "/sdcard/doom/share/games/doom"
#define STDC_HEADERS 1
#define HAVE_SYS_TYPES_H 1
#define HAVE_SYS_STAT_H 1
#define HAVE_STDLIB_H 1
#define HAVE_STRING_H 1
#define HAVE_MEMORY_H 1
#define HAVE_STRINGS_H 1
#define HAVE_INTTYPES_H 1
#define HAVE_STDINT_H 1
#define HAVE_UNISTD_H 1
#define __EXTENSIONS__ 1
#define _ALL_SOURCE 1
#define _GNU_SOURCE 1
#define _POSIX_PTHREAD_SEMANTICS 1
#define _TANDEM_SOURCE 1
#define PACKEDATTR __attribute__((packed))
#define HAVE_DECL_SYS_SIGLIST 1
#define HAVE_SYS_WAIT_H 1
#define HAVE_UNISTD_H 1
#define HAVE_ASM_BYTEORDER_H 1
#define HAVE_SCHED_H 1
#define stricmp strcasecmp
#define strnicmp strncasecmp
#define HAVE_GETOPT 1
#define HAVE_INET_ATON 1
#define HAVE_INET_PTON 1
#define HAVE_INET_NTOP 1
#define HAVE_MMAP 1
#define HAVE_USLEEP 1
#define HAVE_LIBM 1
#define HAVE_IPv6 1
#define HIGHRES 1
#define SIMPLECHECKS 1
#define ZONEIDCHECK 1
#define DOGS 1

configure: exit 0
